Using pre-set license
Built from '2020.3/staging' branch; Version is '2020.3.17f1 (a4537701e4ab) revision 10769271'; Using compiler version '192528614'; Build Type 'Release'
OS: 'Windows 10 Education; OS build 19043.1526; Version 2009; 64bit' Language: 'en' Physical Memory: 16341 MB
BatchMode: 1, IsHumanControllingUs: 0, StartBugReporterOnCrash: 0, Is64bit: 1, IsPro: 0

COMMAND LINE ARGUMENTS:
C:\Program Files\Unity\Hub\Editor\2020.3.17f1\Editor\Unity.exe
-adb2
-batchMode
-noUpm
-name
AssetImportWorker0
-projectPath
C:/Users/18029/Git/UnityGame/Unity-Game/RogueLite Game
-logFile
Logs/AssetImportWorker0.log
-srvPort
64208
Successfully changed project path to: C:/Users/18029/Git/UnityGame/Unity-Game/RogueLite Game
C:/Users/18029/Git/UnityGame/Unity-Game/RogueLite Game
Using Asset Import Pipeline V2.
Refreshing native plugins compatible for Editor in 83.28 ms, found 3 plugins.
Preloading 0 native plugins for Editor in 0.00 ms.
Initialize engine version: 2020.3.17f1 (a4537701e4ab)
[Subsystems] Discovering subsystems at path C:/Program Files/Unity/Hub/Editor/2020.3.17f1/Editor/Data/Resources/UnitySubsystems
[Subsystems] Discovering subsystems at path C:/Users/18029/Git/UnityGame/Unity-Game/RogueLite Game/Assets
GfxDevice: creating device client; threaded=0
Direct3D:
    Version:  Direct3D 11.0 [level 11.1]
    Renderer: NVIDIA GeForce GTX 1050 Ti (ID=0x1c82)
    Vendor:   
    VRAM:     4018 MB
    Driver:   27.21.14.5671
Initialize mono
Mono path[0] = 'C:/Program Files/Unity/Hub/Editor/2020.3.17f1/Editor/Data/Managed'
Mono path[1] = 'C:/Program Files/Unity/Hub/Editor/2020.3.17f1/Editor/Data/MonoBleedingEdge/lib/mono/unityjit'
Mono config path = 'C:/Program Files/Unity/Hub/Editor/2020.3.17f1/Editor/Data/MonoBleedingEdge/etc'
Using monoOptions --debugger-agent=transport=dt_socket,embedding=1,server=y,suspend=n,address=127.0.0.1:56456
Begin MonoManager ReloadAssembly
Registering precompiled unity dll's ...
Register platform support module: C:/Program Files/Unity/Hub/Editor/2020.3.17f1/Editor/Data/PlaybackEngines/WindowsStandaloneSupport/UnityEditor.WindowsStandalone.Extensions.dll
Registered in 0.005395 seconds.
Native extension for WindowsStandalone target not found
Refreshing native plugins compatible for Editor in 80.03 ms, found 3 plugins.
Preloading 0 native plugins for Editor in 0.00 ms.
Mono: successfully reloaded assembly
- Completed reload, in  2.320 seconds
Domain Reload Profiling:
	ReloadAssembly (2320ms)
		BeginReloadAssembly (132ms)
			ExecutionOrderSort (0ms)
			DisableScriptedObjects (0ms)
			BackupInstance (0ms)
			ReleaseScriptingObjects (0ms)
			CreateAndSetChildDomain (1ms)
		EndReloadAssembly (777ms)
			LoadAssemblies (128ms)
			RebuildTransferFunctionScriptingTraits (0ms)
			SetupTypeCache (283ms)
			ReleaseScriptCaches (0ms)
			RebuildScriptCaches (56ms)
			SetupLoadedEditorAssemblies (311ms)
				LogAssemblyErrors (0ms)
				InitializePlatformSupportModulesInManaged (7ms)
				SetLoadedEditorAssemblies (0ms)
				RefreshPlugins (80ms)
				BeforeProcessingInitializeOnLoad (15ms)
				ProcessInitializeOnLoadAttributes (156ms)
				ProcessInitializeOnLoadMethodAttributes (52ms)
				AfterProcessingInitializeOnLoad (0ms)
				EditorAssembliesLoaded (0ms)
			ExecutionOrderSort2 (0ms)
			AwakeInstancesAfterBackupRestoration (0ms)
Platform modules already initialized, skipping
Registering precompiled user dll's ...
Registered in 0.011082 seconds.
Begin MonoManager ReloadAssembly
Native extension for WindowsStandalone target not found
Refreshing native plugins compatible for Editor in 78.45 ms, found 3 plugins.
Preloading 0 native plugins for Editor in 0.00 ms.
Mono: successfully reloaded assembly
- Completed reload, in  2.199 seconds
Domain Reload Profiling:
	ReloadAssembly (2200ms)
		BeginReloadAssembly (291ms)
			ExecutionOrderSort (0ms)
			DisableScriptedObjects (8ms)
			BackupInstance (0ms)
			ReleaseScriptingObjects (0ms)
			CreateAndSetChildDomain (31ms)
		EndReloadAssembly (1796ms)
			LoadAssemblies (212ms)
			RebuildTransferFunctionScriptingTraits (0ms)
			SetupTypeCache (522ms)
			ReleaseScriptCaches (1ms)
			RebuildScriptCaches (90ms)
			SetupLoadedEditorAssemblies (768ms)
				LogAssemblyErrors (0ms)
				InitializePlatformSupportModulesInManaged (7ms)
				SetLoadedEditorAssemblies (0ms)
				RefreshPlugins (79ms)
				BeforeProcessingInitializeOnLoad (138ms)
				ProcessInitializeOnLoadAttributes (506ms)
				ProcessInitializeOnLoadMethodAttributes (23ms)
				AfterProcessingInitializeOnLoad (14ms)
				EditorAssembliesLoaded (0ms)
			ExecutionOrderSort2 (0ms)
			AwakeInstancesAfterBackupRestoration (13ms)
Platform modules already initialized, skipping
========================================================================
Worker process is ready to serve import requests
Launched and connected shader compiler UnityShaderCompiler.exe after 0.14 seconds
Refreshing native plugins compatible for Editor in 0.75 ms, found 3 plugins.
Preloading 0 native plugins for Editor in 0.00 ms.
Unloading 2125 Unused Serialized files (Serialized files now loaded: 0)
System memory in use before: 95.9 MB.
System memory in use after: 95.9 MB.

Unloading 28 unused Assets to reduce memory usage. Loaded Objects now: 2564.
Total: 5.441900 ms (FindLiveObjects: 0.254200 ms CreateObjectMapping: 0.114400 ms MarkObjects: 4.950600 ms  DeleteObjects: 0.120600 ms)

AssetImportParameters requested are different than current active one (requested -> active):
  custom:framework-win-MediaFoundation: 216162199b28c13a410421893ffa2e32 -> 
  custom:video-decoder-ogg-theora: a1e56fd34408186e4bbccfd4996cb3dc -> 
  custom:container-muxer-webm: aa71ff27fc2769a1b78a27578f13a17b -> 
  custom:container-demuxer-webm: 4f35f7cbe854078d1ac9338744f61a02 -> 
  custom:container-demuxer-ogg: 62fdf1f143b41e24485cea50d1cbac27 -> 
  custom:video-encoder-webm-vp8: eb34c28f22e8b96e1ab97ce403110664 -> 
  custom:video-decoder-webm-vp8: 9c59270c3fd7afecdb556c50c9e8de78 -> 
  custom:audio-decoder-ogg-vorbis: bf7c407c2cedff20999df2af8eb42d56 -> 
  custom:audio-encoder-webm-vorbis: bf7c407c2cedff20999df2af8eb42d56 -> 
========================================================================
Received Import Request.
  path: Assets/Scripts/Player/Shooting.cs
  artifactKey: Guid(f29fce0522f251047a6c815ef30e85c8) Importer(815301076,1909f56bfc062723c751e8b465ee728b)
Start importing Assets/Scripts/Player/Shooting.cs using Guid(f29fce0522f251047a6c815ef30e85c8) Importer(815301076,1909f56bfc062723c751e8b465ee728b)  -> (artifact id: 'a7ed4dde3d956e7dd3e59e55d244774a') in 0.060572 seconds 
  Import took 0.065967 seconds .

========================================================================
Received Prepare
Registering precompiled user dll's ...
Registered in 0.012673 seconds.
Begin MonoManager ReloadAssembly
Native extension for WindowsStandalone target not found
Refreshing native plugins compatible for Editor in 0.79 ms, found 3 plugins.
Preloading 0 native plugins for Editor in 0.00 ms.
Mono: successfully reloaded assembly
- Completed reload, in  1.991 seconds
Domain Reload Profiling:
	ReloadAssembly (1993ms)
		BeginReloadAssembly (237ms)
			ExecutionOrderSort (0ms)
			DisableScriptedObjects (12ms)
			BackupInstance (0ms)
			ReleaseScriptingObjects (0ms)
			CreateAndSetChildDomain (63ms)
		EndReloadAssembly (1644ms)
			LoadAssemblies (202ms)
			RebuildTransferFunctionScriptingTraits (0ms)
			SetupTypeCache (533ms)
			ReleaseScriptCaches (1ms)
			RebuildScriptCaches (81ms)
			SetupLoadedEditorAssemblies (663ms)
				LogAssemblyErrors (0ms)
				InitializePlatformSupportModulesInManaged (9ms)
				SetLoadedEditorAssemblies (2ms)
				RefreshPlugins (1ms)
				BeforeProcessingInitializeOnLoad (120ms)
				ProcessInitializeOnLoadAttributes (506ms)
				ProcessInitializeOnLoadMethodAttributes (10ms)
				AfterProcessingInitializeOnLoad (15ms)
				EditorAssembliesLoaded (0ms)
			ExecutionOrderSort2 (0ms)
			AwakeInstancesAfterBackupRestoration (19ms)
Platform modules already initialized, skipping
Refreshing native plugins compatible for Editor in 0.80 ms, found 3 plugins.
Preloading 0 native plugins for Editor in 0.00 ms.
Unloading 2102 Unused Serialized files (Serialized files now loaded: 0)
System memory in use before: 94.0 MB.
System memory in use after: 94.1 MB.

Unloading 16 unused Assets to reduce memory usage. Loaded Objects now: 2567.
Total: 4.467000 ms (FindLiveObjects: 0.254900 ms CreateObjectMapping: 0.108300 ms MarkObjects: 4.068300 ms  DeleteObjects: 0.033800 ms)

AssetImportParameters requested are different than current active one (requested -> active):
  custom:framework-win-MediaFoundation: 216162199b28c13a410421893ffa2e32 -> 
  custom:video-decoder-ogg-theora: a1e56fd34408186e4bbccfd4996cb3dc -> 
  custom:container-muxer-webm: aa71ff27fc2769a1b78a27578f13a17b -> 
  custom:container-demuxer-webm: 4f35f7cbe854078d1ac9338744f61a02 -> 
  custom:container-demuxer-ogg: 62fdf1f143b41e24485cea50d1cbac27 -> 
  custom:video-encoder-webm-vp8: eb34c28f22e8b96e1ab97ce403110664 -> 
  custom:video-decoder-webm-vp8: 9c59270c3fd7afecdb556c50c9e8de78 -> 
  custom:audio-decoder-ogg-vorbis: bf7c407c2cedff20999df2af8eb42d56 -> 
  custom:audio-encoder-webm-vorbis: bf7c407c2cedff20999df2af8eb42d56 -> 
========================================================================
Received Prepare
Registering precompiled user dll's ...
Registered in 0.011076 seconds.
Begin MonoManager ReloadAssembly
Native extension for WindowsStandalone target not found
Refreshing native plugins compatible for Editor in 0.78 ms, found 3 plugins.
Preloading 0 native plugins for Editor in 0.00 ms.
Mono: successfully reloaded assembly
- Completed reload, in  2.129 seconds
Domain Reload Profiling:
	ReloadAssembly (2130ms)
		BeginReloadAssembly (225ms)
			ExecutionOrderSort (0ms)
			DisableScriptedObjects (12ms)
			BackupInstance (0ms)
			ReleaseScriptingObjects (0ms)
			CreateAndSetChildDomain (58ms)
		EndReloadAssembly (1789ms)
			LoadAssemblies (205ms)
			RebuildTransferFunctionScriptingTraits (0ms)
			SetupTypeCache (526ms)
			ReleaseScriptCaches (3ms)
			RebuildScriptCaches (153ms)
			SetupLoadedEditorAssemblies (703ms)
				LogAssemblyErrors (0ms)
				InitializePlatformSupportModulesInManaged (9ms)
				SetLoadedEditorAssemblies (2ms)
				RefreshPlugins (1ms)
				BeforeProcessingInitializeOnLoad (120ms)
				ProcessInitializeOnLoadAttributes (541ms)
				ProcessInitializeOnLoadMethodAttributes (13ms)
				AfterProcessingInitializeOnLoad (18ms)
				EditorAssembliesLoaded (0ms)
			ExecutionOrderSort2 (0ms)
			AwakeInstancesAfterBackupRestoration (21ms)
Platform modules already initialized, skipping
Refreshing native plugins compatible for Editor in 0.81 ms, found 3 plugins.
Preloading 0 native plugins for Editor in 0.00 ms.
Unloading 2102 Unused Serialized files (Serialized files now loaded: 0)
System memory in use before: 94.1 MB.
System memory in use after: 94.2 MB.

Unloading 16 unused Assets to reduce memory usage. Loaded Objects now: 2570.
Total: 5.027500 ms (FindLiveObjects: 0.290600 ms CreateObjectMapping: 0.112600 ms MarkObjects: 4.584900 ms  DeleteObjects: 0.037100 ms)

AssetImportParameters requested are different than current active one (requested -> active):
  custom:framework-win-MediaFoundation: 216162199b28c13a410421893ffa2e32 -> 
  custom:video-decoder-ogg-theora: a1e56fd34408186e4bbccfd4996cb3dc -> 
  custom:container-muxer-webm: aa71ff27fc2769a1b78a27578f13a17b -> 
  custom:container-demuxer-webm: 4f35f7cbe854078d1ac9338744f61a02 -> 
  custom:container-demuxer-ogg: 62fdf1f143b41e24485cea50d1cbac27 -> 
  custom:video-encoder-webm-vp8: eb34c28f22e8b96e1ab97ce403110664 -> 
  custom:video-decoder-webm-vp8: 9c59270c3fd7afecdb556c50c9e8de78 -> 
  custom:audio-decoder-ogg-vorbis: bf7c407c2cedff20999df2af8eb42d56 -> 
  custom:audio-encoder-webm-vorbis: bf7c407c2cedff20999df2af8eb42d56 -> 
========================================================================
Received Prepare
Registering precompiled user dll's ...
Registered in 0.010533 seconds.
Begin MonoManager ReloadAssembly
Native extension for WindowsStandalone target not found
Refreshing native plugins compatible for Editor in 0.78 ms, found 3 plugins.
Preloading 0 native plugins for Editor in 0.00 ms.
Mono: successfully reloaded assembly
- Completed reload, in  1.975 seconds
Domain Reload Profiling:
	ReloadAssembly (1976ms)
		BeginReloadAssembly (278ms)
			ExecutionOrderSort (0ms)
			DisableScriptedObjects (66ms)
			BackupInstance (0ms)
			ReleaseScriptingObjects (0ms)
			CreateAndSetChildDomain (57ms)
		EndReloadAssembly (1586ms)
			LoadAssemblies (204ms)
			RebuildTransferFunctionScriptingTraits (0ms)
			SetupTypeCache (491ms)
			ReleaseScriptCaches (1ms)
			RebuildScriptCaches (80ms)
			SetupLoadedEditorAssemblies (641ms)
				LogAssemblyErrors (0ms)
				InitializePlatformSupportModulesInManaged (9ms)
				SetLoadedEditorAssemblies (2ms)
				RefreshPlugins (1ms)
				BeforeProcessingInitializeOnLoad (115ms)
				ProcessInitializeOnLoadAttributes (491ms)
				ProcessInitializeOnLoadMethodAttributes (10ms)
				AfterProcessingInitializeOnLoad (14ms)
				EditorAssembliesLoaded (0ms)
			ExecutionOrderSort2 (0ms)
			AwakeInstancesAfterBackupRestoration (30ms)
Platform modules already initialized, skipping
Refreshing native plugins compatible for Editor in 0.79 ms, found 3 plugins.
Preloading 0 native plugins for Editor in 0.00 ms.
Unloading 2102 Unused Serialized files (Serialized files now loaded: 0)
System memory in use before: 94.1 MB.
System memory in use after: 94.2 MB.

Unloading 16 unused Assets to reduce memory usage. Loaded Objects now: 2573.
Total: 4.847700 ms (FindLiveObjects: 0.269800 ms CreateObjectMapping: 0.111600 ms MarkObjects: 4.425000 ms  DeleteObjects: 0.039300 ms)

AssetImportParameters requested are different than current active one (requested -> active):
  custom:framework-win-MediaFoundation: 216162199b28c13a410421893ffa2e32 -> 
  custom:video-decoder-ogg-theora: a1e56fd34408186e4bbccfd4996cb3dc -> 
  custom:container-muxer-webm: aa71ff27fc2769a1b78a27578f13a17b -> 
  custom:container-demuxer-webm: 4f35f7cbe854078d1ac9338744f61a02 -> 
  custom:container-demuxer-ogg: 62fdf1f143b41e24485cea50d1cbac27 -> 
  custom:video-encoder-webm-vp8: eb34c28f22e8b96e1ab97ce403110664 -> 
  custom:video-decoder-webm-vp8: 9c59270c3fd7afecdb556c50c9e8de78 -> 
  custom:audio-decoder-ogg-vorbis: bf7c407c2cedff20999df2af8eb42d56 -> 
  custom:audio-encoder-webm-vorbis: bf7c407c2cedff20999df2af8eb42d56 -> 
========================================================================
Received Prepare
Registering precompiled user dll's ...
Registered in 0.011148 seconds.
Begin MonoManager ReloadAssembly
Native extension for WindowsStandalone target not found
Refreshing native plugins compatible for Editor in 0.77 ms, found 3 plugins.
Preloading 0 native plugins for Editor in 0.00 ms.
Mono: successfully reloaded assembly
- Completed reload, in  2.072 seconds
Domain Reload Profiling:
	ReloadAssembly (2072ms)
		BeginReloadAssembly (215ms)
			ExecutionOrderSort (0ms)
			DisableScriptedObjects (12ms)
			BackupInstance (0ms)
			ReleaseScriptingObjects (0ms)
			CreateAndSetChildDomain (56ms)
		EndReloadAssembly (1739ms)
			LoadAssemblies (205ms)
			RebuildTransferFunctionScriptingTraits (0ms)
			SetupTypeCache (561ms)
			ReleaseScriptCaches (10ms)
			RebuildScriptCaches (106ms)
			SetupLoadedEditorAssemblies (670ms)
				LogAssemblyErrors (0ms)
				InitializePlatformSupportModulesInManaged (9ms)
				SetLoadedEditorAssemblies (1ms)
				RefreshPlugins (1ms)
				BeforeProcessingInitializeOnLoad (115ms)
				ProcessInitializeOnLoadAttributes (516ms)
				ProcessInitializeOnLoadMethodAttributes (11ms)
				AfterProcessingInitializeOnLoad (16ms)
				EditorAssembliesLoaded (0ms)
			ExecutionOrderSort2 (0ms)
			AwakeInstancesAfterBackupRestoration (22ms)
Platform modules already initialized, skipping
Refreshing native plugins compatible for Editor in 0.83 ms, found 3 plugins.
Preloading 0 native plugins for Editor in 0.00 ms.
Unloading 2102 Unused Serialized files (Serialized files now loaded: 0)
System memory in use before: 94.1 MB.
System memory in use after: 94.2 MB.

Unloading 16 unused Assets to reduce memory usage. Loaded Objects now: 2576.
Total: 4.509200 ms (FindLiveObjects: 0.262400 ms CreateObjectMapping: 0.109600 ms MarkObjects: 4.102200 ms  DeleteObjects: 0.032900 ms)

AssetImportParameters requested are different than current active one (requested -> active):
  custom:framework-win-MediaFoundation: 216162199b28c13a410421893ffa2e32 -> 
  custom:video-decoder-ogg-theora: a1e56fd34408186e4bbccfd4996cb3dc -> 
  custom:container-muxer-webm: aa71ff27fc2769a1b78a27578f13a17b -> 
  custom:container-demuxer-webm: 4f35f7cbe854078d1ac9338744f61a02 -> 
  custom:container-demuxer-ogg: 62fdf1f143b41e24485cea50d1cbac27 -> 
  custom:video-encoder-webm-vp8: eb34c28f22e8b96e1ab97ce403110664 -> 
  custom:video-decoder-webm-vp8: 9c59270c3fd7afecdb556c50c9e8de78 -> 
  custom:audio-decoder-ogg-vorbis: bf7c407c2cedff20999df2af8eb42d56 -> 
  custom:audio-encoder-webm-vorbis: bf7c407c2cedff20999df2af8eb42d56 -> 
========================================================================
Received Import Request.
  Time since last request: 599.473865 seconds.
  path: Assets/Prefabs/Canvas.prefab
  artifactKey: Guid(f8756905bcdf465438de68d8aa7012c9) Importer(815301076,1909f56bfc062723c751e8b465ee728b)
Start importing Assets/Prefabs/Canvas.prefab using Guid(f8756905bcdf465438de68d8aa7012c9) Importer(815301076,1909f56bfc062723c751e8b465ee728b)  -> (artifact id: '9b30019225f3fec925ccb39e84d28160') in 0.078322 seconds 
  Import took 0.084469 seconds .

========================================================================
Received Import Request.
  Time since last request: 1.996730 seconds.
  path: Assets/Prefabs/Rooms
  artifactKey: Guid(e3792addfd312fd4db5167903cc29634) Importer(815301076,1909f56bfc062723c751e8b465ee728b)
Start importing Assets/Prefabs/Rooms using Guid(e3792addfd312fd4db5167903cc29634) Importer(815301076,1909f56bfc062723c751e8b465ee728b)  -> (artifact id: 'f2f7987326aa9ac607d94ca8489d9c46') in 0.007426 seconds 
  Import took 0.012625 seconds .

========================================================================
Received Import Request.
  Time since last request: 0.056989 seconds.
  path: Assets/Prefabs/Rooms/Entry Room.prefab
  artifactKey: Guid(f596b434365f7c14aac50be43603e1bb) Importer(815301076,1909f56bfc062723c751e8b465ee728b)
Start importing Assets/Prefabs/Rooms/Entry Room.prefab using Guid(f596b434365f7c14aac50be43603e1bb) Importer(815301076,1909f56bfc062723c751e8b465ee728b)  -> (artifact id: '37b77b3210aa1ad74d777590d0433225') in 0.119400 seconds 
  Import took 0.126547 seconds .

========================================================================
Received Import Request.
  Time since last request: 0.000366 seconds.
  path: Assets/Prefabs/Rooms/Map_RB.prefab
  artifactKey: Guid(a500d37e48eccee41a98ac0309b1475b) Importer(815301076,1909f56bfc062723c751e8b465ee728b)
Start importing Assets/Prefabs/Rooms/Map_RB.prefab using Guid(a500d37e48eccee41a98ac0309b1475b) Importer(815301076,1909f56bfc062723c751e8b465ee728b)  -> (artifact id: '714935223209b8fe2b5eb4d580dd5765') in 0.035589 seconds 
  Import took 0.043886 seconds .

========================================================================
Received Import Request.
  Time since last request: 0.000852 seconds.
  path: Assets/Prefabs/Rooms/Map_TR.prefab
  artifactKey: Guid(9c683eda0cba7f04abb61d4474abbaab) Importer(815301076,1909f56bfc062723c751e8b465ee728b)
Start importing Assets/Prefabs/Rooms/Map_TR.prefab using Guid(9c683eda0cba7f04abb61d4474abbaab) Importer(815301076,1909f56bfc062723c751e8b465ee728b)  -> (artifact id: '90ed378c65a342267f9bb4792635ffeb') in 0.043312 seconds 
  Import took 0.050612 seconds .

========================================================================
Received Import Request.
  Time since last request: 0.000393 seconds.
  path: Assets/Prefabs/Rooms/Map_B.prefab
  artifactKey: Guid(74160492965446b429e22287bcf6ce0e) Importer(815301076,1909f56bfc062723c751e8b465ee728b)
Start importing Assets/Prefabs/Rooms/Map_B.prefab using Guid(74160492965446b429e22287bcf6ce0e) Importer(815301076,1909f56bfc062723c751e8b465ee728b)  -> (artifact id: '66d8f57d767eed3d0aaa028e0353228d') in 0.033949 seconds 
  Import took 0.039779 seconds .

========================================================================
Received Import Request.
  Time since last request: 0.000388 seconds.
  path: Assets/Prefabs/Rooms/Map_TL.prefab
  artifactKey: Guid(234368fe0594ba7439983e1f5012ce93) Importer(815301076,1909f56bfc062723c751e8b465ee728b)
Start importing Assets/Prefabs/Rooms/Map_TL.prefab using Guid(234368fe0594ba7439983e1f5012ce93) Importer(815301076,1909f56bfc062723c751e8b465ee728b)  -> (artifact id: 'ac7e612a127bd930fb4e373b0c445424') in 0.034521 seconds 
  Import took 0.041201 seconds .

========================================================================
Received Import Request.
  Time since last request: 0.000380 seconds.
  path: Assets/Prefabs/Rooms/Map_R.prefab
  artifactKey: Guid(f98073b46aacd72448a35da8b808c2e9) Importer(815301076,1909f56bfc062723c751e8b465ee728b)
Start importing Assets/Prefabs/Rooms/Map_R.prefab using Guid(f98073b46aacd72448a35da8b808c2e9) Importer(815301076,1909f56bfc062723c751e8b465ee728b)  -> (artifact id: 'c81e30d4ceee0eb40cb120e2409f327f') in 0.033462 seconds 
  Import took 0.039025 seconds .

========================================================================
Received Import Request.
  Time since last request: 0.000421 seconds.
  path: Assets/Prefabs/Rooms/Map_LB.prefab
  artifactKey: Guid(cdea550681746f24db31622dfb1b1e3f) Importer(815301076,1909f56bfc062723c751e8b465ee728b)
Start importing Assets/Prefabs/Rooms/Map_LB.prefab using Guid(cdea550681746f24db31622dfb1b1e3f) Importer(815301076,1909f56bfc062723c751e8b465ee728b)  -> (artifact id: 'b42de853c6ec33d9736831e4ae6c5bfe') in 0.034988 seconds 
  Import took 0.042248 seconds .

========================================================================
Received Import Request.
  Time since last request: 0.000421 seconds.
  path: Assets/Prefabs/Rooms/Map_T.prefab
  artifactKey: Guid(e1cd058710a3dbb4fafea318e4031317) Importer(815301076,1909f56bfc062723c751e8b465ee728b)
Start importing Assets/Prefabs/Rooms/Map_T.prefab using Guid(e1cd058710a3dbb4fafea318e4031317) Importer(815301076,1909f56bfc062723c751e8b465ee728b)  -> (artifact id: 'ee04dc49d9d958b63c66c7dcb10a4008') in 0.033311 seconds 
  Import took 0.039415 seconds .

========================================================================
Received Import Request.
  Time since last request: 0.000379 seconds.
  path: Assets/Prefabs/Rooms/Map_TB.prefab
  artifactKey: Guid(73713e5a3fba9bb479c4326ca8dc60d5) Importer(815301076,1909f56bfc062723c751e8b465ee728b)
Start importing Assets/Prefabs/Rooms/Map_TB.prefab using Guid(73713e5a3fba9bb479c4326ca8dc60d5) Importer(815301076,1909f56bfc062723c751e8b465ee728b)  -> (artifact id: 'b4330a8cc237f9a213d925da038ed36b') in 0.035441 seconds 
  Import took 0.043223 seconds .

========================================================================
Received Import Request.
  Time since last request: 0.000379 seconds.
  path: Assets/Prefabs/Rooms/Map_LR.prefab
  artifactKey: Guid(1f2281d04b66b75489b9e7a0aab897eb) Importer(815301076,1909f56bfc062723c751e8b465ee728b)
Start importing Assets/Prefabs/Rooms/Map_LR.prefab using Guid(1f2281d04b66b75489b9e7a0aab897eb) Importer(815301076,1909f56bfc062723c751e8b465ee728b)  -> (artifact id: '4e500deb5840fa916f48c62d8c5f0743') in 0.038791 seconds 
  Import took 0.047065 seconds .

========================================================================
Received Import Request.
  Time since last request: 0.000375 seconds.
  path: Assets/Prefabs/Rooms/Map_L.prefab
  artifactKey: Guid(c991ad968c929ff4386a671a5efd4a51) Importer(815301076,1909f56bfc062723c751e8b465ee728b)
Start importing Assets/Prefabs/Rooms/Map_L.prefab using Guid(c991ad968c929ff4386a671a5efd4a51) Importer(815301076,1909f56bfc062723c751e8b465ee728b)  -> (artifact id: 'd25f1d4e44218697fb595fbf5cf26d13') in 0.033059 seconds 
  Import took 0.039899 seconds .

========================================================================
Received Import Request.
  Time since last request: 0.005983 seconds.
  path: Assets/Prefabs/Rooms/Map_L.prefab
  artifactKey: Guid(c991ad968c929ff4386a671a5efd4a51) Importer(815301076,1909f56bfc062723c751e8b465ee728b)
Start importing Assets/Prefabs/Rooms/Map_L.prefab using Guid(c991ad968c929ff4386a671a5efd4a51) Importer(815301076,1909f56bfc062723c751e8b465ee728b)  -> (artifact id: 'd25f1d4e44218697fb595fbf5cf26d13') in 0.034953 seconds 
  Import took 0.042756 seconds .

========================================================================
Received Import Request.
  Time since last request: 42.501155 seconds.
  path: Assets/Prefabs/Gameplay/Chest.prefab
  artifactKey: Guid(7c71b5b992b690c43b25a92aa2136c31) Importer(815301076,1909f56bfc062723c751e8b465ee728b)
Start importing Assets/Prefabs/Gameplay/Chest.prefab using Guid(7c71b5b992b690c43b25a92aa2136c31) Importer(815301076,1909f56bfc062723c751e8b465ee728b)  -> (artifact id: 'a3f13c3115ffbf70fbc41f49375b472e') in 0.018961 seconds 
  Import took 0.025087 seconds .

========================================================================
Received Import Request.
  Time since last request: 0.000382 seconds.
  path: Assets/Prefabs/Gameplay/Player.prefab
  artifactKey: Guid(bd93a6934f1103041b8a77bcd0c13e34) Importer(815301076,1909f56bfc062723c751e8b465ee728b)
Start importing Assets/Prefabs/Gameplay/Player.prefab using Guid(bd93a6934f1103041b8a77bcd0c13e34) Importer(815301076,1909f56bfc062723c751e8b465ee728b)  -> (artifact id: 'b074385198541af12b465067714172bd') in 0.020147 seconds 
  Import took 0.025324 seconds .

========================================================================
Received Import Request.
  Time since last request: 0.000500 seconds.
  path: Assets/Prefabs/Gameplay/Main Camera 1.prefab
  artifactKey: Guid(680c75733b16bca47b8fac1ad3e6de90) Importer(815301076,1909f56bfc062723c751e8b465ee728b)
Start importing Assets/Prefabs/Gameplay/Main Camera 1.prefab using Guid(680c75733b16bca47b8fac1ad3e6de90) Importer(815301076,1909f56bfc062723c751e8b465ee728b)  -> (artifact id: '5c3ce012c22adc326dae1c003f807b9d') in 0.010857 seconds 
  Import took 0.016990 seconds .

========================================================================
Received Import Request.
  Time since last request: 0.000464 seconds.
  path: Assets/Prefabs/Gameplay/Coin.prefab
  artifactKey: Guid(6e4d556546787754283c6f16497309cb) Importer(815301076,1909f56bfc062723c751e8b465ee728b)
Start importing Assets/Prefabs/Gameplay/Coin.prefab using Guid(6e4d556546787754283c6f16497309cb) Importer(815301076,1909f56bfc062723c751e8b465ee728b)  -> (artifact id: 'dc5cd5f8a396c76a7da21e133f6df875') in 0.019190 seconds 
  Import took 0.026853 seconds .

========================================================================
Received Prepare
Registering precompiled user dll's ...
Registered in 0.010322 seconds.
Begin MonoManager ReloadAssembly
Native extension for WindowsStandalone target not found
Refreshing native plugins compatible for Editor in 0.81 ms, found 3 plugins.
Preloading 0 native plugins for Editor in 0.00 ms.
Mono: successfully reloaded assembly
- Completed reload, in  1.926 seconds
Domain Reload Profiling:
	ReloadAssembly (1927ms)
		BeginReloadAssembly (231ms)
			ExecutionOrderSort (0ms)
			DisableScriptedObjects (11ms)
			BackupInstance (0ms)
			ReleaseScriptingObjects (0ms)
			CreateAndSetChildDomain (70ms)
		EndReloadAssembly (1581ms)
			LoadAssemblies (210ms)
			RebuildTransferFunctionScriptingTraits (0ms)
			SetupTypeCache (496ms)
			ReleaseScriptCaches (1ms)
			RebuildScriptCaches (80ms)
			SetupLoadedEditorAssemblies (641ms)
				LogAssemblyErrors (0ms)
				InitializePlatformSupportModulesInManaged (9ms)
				SetLoadedEditorAssemblies (1ms)
				RefreshPlugins (1ms)
				BeforeProcessingInitializeOnLoad (122ms)
				ProcessInitializeOnLoadAttributes (483ms)
				ProcessInitializeOnLoadMethodAttributes (10ms)
				AfterProcessingInitializeOnLoad (15ms)
				EditorAssembliesLoaded (0ms)
			ExecutionOrderSort2 (0ms)
			AwakeInstancesAfterBackupRestoration (18ms)
Platform modules already initialized, skipping
Refreshing native plugins compatible for Editor in 0.83 ms, found 3 plugins.
Preloading 0 native plugins for Editor in 0.00 ms.
Unloading 2102 Unused Serialized files (Serialized files now loaded: 0)
System memory in use before: 97.3 MB.
System memory in use after: 97.4 MB.

Unloading 16 unused Assets to reduce memory usage. Loaded Objects now: 2588.
Total: 4.446800 ms (FindLiveObjects: 0.248600 ms CreateObjectMapping: 0.110700 ms MarkObjects: 4.060400 ms  DeleteObjects: 0.025400 ms)

AssetImportParameters requested are different than current active one (requested -> active):
  custom:framework-win-MediaFoundation: 216162199b28c13a410421893ffa2e32 -> 
  custom:video-decoder-ogg-theora: a1e56fd34408186e4bbccfd4996cb3dc -> 
  custom:container-muxer-webm: aa71ff27fc2769a1b78a27578f13a17b -> 
  custom:container-demuxer-webm: 4f35f7cbe854078d1ac9338744f61a02 -> 
  custom:container-demuxer-ogg: 62fdf1f143b41e24485cea50d1cbac27 -> 
  custom:video-encoder-webm-vp8: eb34c28f22e8b96e1ab97ce403110664 -> 
  custom:video-decoder-webm-vp8: 9c59270c3fd7afecdb556c50c9e8de78 -> 
  custom:audio-decoder-ogg-vorbis: bf7c407c2cedff20999df2af8eb42d56 -> 
  custom:audio-encoder-webm-vorbis: bf7c407c2cedff20999df2af8eb42d56 -> 
========================================================================
Received Prepare
Registering precompiled user dll's ...
Registered in 0.010971 seconds.
Begin MonoManager ReloadAssembly
Native extension for WindowsStandalone target not found
Refreshing native plugins compatible for Editor in 0.81 ms, found 3 plugins.
Preloading 0 native plugins for Editor in 0.00 ms.
Mono: successfully reloaded assembly
- Completed reload, in  2.304 seconds
Domain Reload Profiling:
	ReloadAssembly (2305ms)
		BeginReloadAssembly (236ms)
			ExecutionOrderSort (0ms)
			DisableScriptedObjects (13ms)
			BackupInstance (0ms)
			ReleaseScriptingObjects (0ms)
			CreateAndSetChildDomain (59ms)
		EndReloadAssembly (1935ms)
			LoadAssemblies (227ms)
			RebuildTransferFunctionScriptingTraits (0ms)
			SetupTypeCache (582ms)
			ReleaseScriptCaches (2ms)
			RebuildScriptCaches (107ms)
			SetupLoadedEditorAssemblies (814ms)
				LogAssemblyErrors (0ms)
				InitializePlatformSupportModulesInManaged (10ms)
				SetLoadedEditorAssemblies (1ms)
				RefreshPlugins (1ms)
				BeforeProcessingInitializeOnLoad (127ms)
				ProcessInitializeOnLoadAttributes (649ms)
				ProcessInitializeOnLoadMethodAttributes (11ms)
				AfterProcessingInitializeOnLoad (16ms)
				EditorAssembliesLoaded (0ms)
			ExecutionOrderSort2 (0ms)
			AwakeInstancesAfterBackupRestoration (21ms)
Platform modules already initialized, skipping
Refreshing native plugins compatible for Editor in 0.79 ms, found 3 plugins.
Preloading 0 native plugins for Editor in 0.00 ms.
Unloading 2102 Unused Serialized files (Serialized files now loaded: 0)
System memory in use before: 97.3 MB.
System memory in use after: 97.4 MB.

Unloading 16 unused Assets to reduce memory usage. Loaded Objects now: 2591.
Total: 5.564900 ms (FindLiveObjects: 0.250500 ms CreateObjectMapping: 0.110400 ms MarkObjects: 5.174400 ms  DeleteObjects: 0.027500 ms)

AssetImportParameters requested are different than current active one (requested -> active):
  custom:framework-win-MediaFoundation: 216162199b28c13a410421893ffa2e32 -> 
  custom:video-decoder-ogg-theora: a1e56fd34408186e4bbccfd4996cb3dc -> 
  custom:container-muxer-webm: aa71ff27fc2769a1b78a27578f13a17b -> 
  custom:container-demuxer-webm: 4f35f7cbe854078d1ac9338744f61a02 -> 
  custom:container-demuxer-ogg: 62fdf1f143b41e24485cea50d1cbac27 -> 
  custom:video-encoder-webm-vp8: eb34c28f22e8b96e1ab97ce403110664 -> 
  custom:video-decoder-webm-vp8: 9c59270c3fd7afecdb556c50c9e8de78 -> 
  custom:audio-decoder-ogg-vorbis: bf7c407c2cedff20999df2af8eb42d56 -> 
  custom:audio-encoder-webm-vorbis: bf7c407c2cedff20999df2af8eb42d56 -> 
========================================================================
Received Prepare
Registering precompiled user dll's ...
Registered in 0.011798 seconds.
Begin MonoManager ReloadAssembly
Native extension for WindowsStandalone target not found
Refreshing native plugins compatible for Editor in 0.80 ms, found 3 plugins.
Preloading 0 native plugins for Editor in 0.00 ms.
Mono: successfully reloaded assembly
- Completed reload, in  2.027 seconds
Domain Reload Profiling:
	ReloadAssembly (2028ms)
		BeginReloadAssembly (217ms)
			ExecutionOrderSort (0ms)
			DisableScriptedObjects (12ms)
			BackupInstance (0ms)
			ReleaseScriptingObjects (0ms)
			CreateAndSetChildDomain (56ms)
		EndReloadAssembly (1696ms)
			LoadAssemblies (207ms)
			RebuildTransferFunctionScriptingTraits (0ms)
			SetupTypeCache (512ms)
			ReleaseScriptCaches (1ms)
			RebuildScriptCaches (115ms)
			SetupLoadedEditorAssemblies (689ms)
				LogAssemblyErrors (0ms)
				InitializePlatformSupportModulesInManaged (9ms)
				SetLoadedEditorAssemblies (1ms)
				RefreshPlugins (1ms)
				BeforeProcessingInitializeOnLoad (143ms)
				ProcessInitializeOnLoadAttributes (510ms)
				ProcessInitializeOnLoadMethodAttributes (10ms)
				AfterProcessingInitializeOnLoad (15ms)
				EditorAssembliesLoaded (0ms)
			ExecutionOrderSort2 (0ms)
			AwakeInstancesAfterBackupRestoration (20ms)
Platform modules already initialized, skipping
Refreshing native plugins compatible for Editor in 0.79 ms, found 3 plugins.
Preloading 0 native plugins for Editor in 0.00 ms.
Unloading 2102 Unused Serialized files (Serialized files now loaded: 0)
System memory in use before: 97.3 MB.
System memory in use after: 97.4 MB.

Unloading 16 unused Assets to reduce memory usage. Loaded Objects now: 2594.
Total: 5.367900 ms (FindLiveObjects: 0.248600 ms CreateObjectMapping: 0.113500 ms MarkObjects: 4.972800 ms  DeleteObjects: 0.030700 ms)

AssetImportParameters requested are different than current active one (requested -> active):
  custom:framework-win-MediaFoundation: 216162199b28c13a410421893ffa2e32 -> 
  custom:video-decoder-ogg-theora: a1e56fd34408186e4bbccfd4996cb3dc -> 
  custom:container-muxer-webm: aa71ff27fc2769a1b78a27578f13a17b -> 
  custom:container-demuxer-webm: 4f35f7cbe854078d1ac9338744f61a02 -> 
  custom:container-demuxer-ogg: 62fdf1f143b41e24485cea50d1cbac27 -> 
  custom:video-encoder-webm-vp8: eb34c28f22e8b96e1ab97ce403110664 -> 
  custom:video-decoder-webm-vp8: 9c59270c3fd7afecdb556c50c9e8de78 -> 
  custom:audio-decoder-ogg-vorbis: bf7c407c2cedff20999df2af8eb42d56 -> 
  custom:audio-encoder-webm-vorbis: bf7c407c2cedff20999df2af8eb42d56 -> 
========================================================================
Received Prepare
Registering precompiled user dll's ...
Registered in 0.010855 seconds.
Begin MonoManager ReloadAssembly
Native extension for WindowsStandalone target not found
Refreshing native plugins compatible for Editor in 0.90 ms, found 3 plugins.
Preloading 0 native plugins for Editor in 0.00 ms.
Mono: successfully reloaded assembly
- Completed reload, in  1.995 seconds
Domain Reload Profiling:
	ReloadAssembly (1996ms)
		BeginReloadAssembly (213ms)
			ExecutionOrderSort (0ms)
			DisableScriptedObjects (12ms)
			BackupInstance (0ms)
			ReleaseScriptingObjects (0ms)
			CreateAndSetChildDomain (54ms)
		EndReloadAssembly (1668ms)
			LoadAssemblies (205ms)
			RebuildTransferFunctionScriptingTraits (0ms)
			SetupTypeCache (501ms)
			ReleaseScriptCaches (2ms)
			RebuildScriptCaches (119ms)
			SetupLoadedEditorAssemblies (681ms)
				LogAssemblyErrors (0ms)
				InitializePlatformSupportModulesInManaged (11ms)
				SetLoadedEditorAssemblies (2ms)
				RefreshPlugins (1ms)
				BeforeProcessingInitializeOnLoad (122ms)
				ProcessInitializeOnLoadAttributes (521ms)
				ProcessInitializeOnLoadMethodAttributes (10ms)
				AfterProcessingInitializeOnLoad (14ms)
				EditorAssembliesLoaded (0ms)
			ExecutionOrderSort2 (0ms)
			AwakeInstancesAfterBackupRestoration (19ms)
Platform modules already initialized, skipping
Refreshing native plugins compatible for Editor in 0.81 ms, found 3 plugins.
Preloading 0 native plugins for Editor in 0.00 ms.
Unloading 2102 Unused Serialized files (Serialized files now loaded: 0)
System memory in use before: 97.3 MB.
System memory in use after: 97.4 MB.

Unloading 16 unused Assets to reduce memory usage. Loaded Objects now: 2597.
Total: 4.435700 ms (FindLiveObjects: 0.253000 ms CreateObjectMapping: 0.110100 ms MarkObjects: 4.045600 ms  DeleteObjects: 0.025100 ms)

AssetImportParameters requested are different than current active one (requested -> active):
  custom:framework-win-MediaFoundation: 216162199b28c13a410421893ffa2e32 -> 
  custom:video-decoder-ogg-theora: a1e56fd34408186e4bbccfd4996cb3dc -> 
  custom:container-muxer-webm: aa71ff27fc2769a1b78a27578f13a17b -> 
  custom:container-demuxer-webm: 4f35f7cbe854078d1ac9338744f61a02 -> 
  custom:container-demuxer-ogg: 62fdf1f143b41e24485cea50d1cbac27 -> 
  custom:video-encoder-webm-vp8: eb34c28f22e8b96e1ab97ce403110664 -> 
  custom:video-decoder-webm-vp8: 9c59270c3fd7afecdb556c50c9e8de78 -> 
  custom:audio-decoder-ogg-vorbis: bf7c407c2cedff20999df2af8eb42d56 -> 
  custom:audio-encoder-webm-vorbis: bf7c407c2cedff20999df2af8eb42d56 -> 
========================================================================
Received Import Request.
  Time since last request: 117.869433 seconds.
  path: Assets/Prefabs/Rooms/Entry Room.prefab
  artifactKey: Guid(f596b434365f7c14aac50be43603e1bb) Importer(815301076,1909f56bfc062723c751e8b465ee728b)
Start importing Assets/Prefabs/Rooms/Entry Room.prefab using Guid(f596b434365f7c14aac50be43603e1bb) Importer(815301076,1909f56bfc062723c751e8b465ee728b)  -> (artifact id: 'c25a3329e4d60418430087e955b239f8') in 0.118809 seconds 
  Import took 0.127884 seconds .

========================================================================
Received Prepare
Registering precompiled user dll's ...
Registered in 0.010606 seconds.
Begin MonoManager ReloadAssembly
Native extension for WindowsStandalone target not found
Refreshing native plugins compatible for Editor in 0.81 ms, found 3 plugins.
Preloading 0 native plugins for Editor in 0.00 ms.
Mono: successfully reloaded assembly
- Completed reload, in  1.941 seconds
Domain Reload Profiling:
	ReloadAssembly (1941ms)
		BeginReloadAssembly (228ms)
			ExecutionOrderSort (0ms)
			DisableScriptedObjects (11ms)
			BackupInstance (0ms)
			ReleaseScriptingObjects (0ms)
			CreateAndSetChildDomain (63ms)
		EndReloadAssembly (1589ms)
			LoadAssemblies (207ms)
			RebuildTransferFunctionScriptingTraits (0ms)
			SetupTypeCache (524ms)
			ReleaseScriptCaches (1ms)
			RebuildScriptCaches (77ms)
			SetupLoadedEditorAssemblies (630ms)
				LogAssemblyErrors (0ms)
				InitializePlatformSupportModulesInManaged (9ms)
				SetLoadedEditorAssemblies (1ms)
				RefreshPlugins (1ms)
				BeforeProcessingInitializeOnLoad (111ms)
				ProcessInitializeOnLoadAttributes (483ms)
				ProcessInitializeOnLoadMethodAttributes (10ms)
				AfterProcessingInitializeOnLoad (14ms)
				EditorAssembliesLoaded (0ms)
			ExecutionOrderSort2 (0ms)
			AwakeInstancesAfterBackupRestoration (18ms)
Platform modules already initialized, skipping
Refreshing native plugins compatible for Editor in 0.81 ms, found 3 plugins.
Preloading 0 native plugins for Editor in 0.00 ms.
Unloading 2102 Unused Serialized files (Serialized files now loaded: 0)
System memory in use before: 97.3 MB.
System memory in use after: 97.4 MB.

Unloading 16 unused Assets to reduce memory usage. Loaded Objects now: 2601.
Total: 4.465200 ms (FindLiveObjects: 0.254800 ms CreateObjectMapping: 0.110900 ms MarkObjects: 4.073300 ms  DeleteObjects: 0.024400 ms)

AssetImportParameters requested are different than current active one (requested -> active):
  custom:framework-win-MediaFoundation: 216162199b28c13a410421893ffa2e32 -> 
  custom:video-decoder-ogg-theora: a1e56fd34408186e4bbccfd4996cb3dc -> 
  custom:container-muxer-webm: aa71ff27fc2769a1b78a27578f13a17b -> 
  custom:container-demuxer-webm: 4f35f7cbe854078d1ac9338744f61a02 -> 
  custom:container-demuxer-ogg: 62fdf1f143b41e24485cea50d1cbac27 -> 
  custom:video-encoder-webm-vp8: eb34c28f22e8b96e1ab97ce403110664 -> 
  custom:video-decoder-webm-vp8: 9c59270c3fd7afecdb556c50c9e8de78 -> 
  custom:audio-decoder-ogg-vorbis: bf7c407c2cedff20999df2af8eb42d56 -> 
  custom:audio-encoder-webm-vorbis: bf7c407c2cedff20999df2af8eb42d56 -> 
========================================================================
Received Import Request.
  Time since last request: 27.682329 seconds.
  path: Assets/Prefabs/Rooms/Entry Room.prefab
  artifactKey: Guid(f596b434365f7c14aac50be43603e1bb) Importer(815301076,1909f56bfc062723c751e8b465ee728b)
Start importing Assets/Prefabs/Rooms/Entry Room.prefab using Guid(f596b434365f7c14aac50be43603e1bb) Importer(815301076,1909f56bfc062723c751e8b465ee728b)  -> (artifact id: 'd54d6a01e5e30b8d7248150853c48023') in 0.118313 seconds 
  Import took 0.125586 seconds .

========================================================================
Received Prepare
Registering precompiled user dll's ...
Registered in 0.011398 seconds.
Begin MonoManager ReloadAssembly
Native extension for WindowsStandalone target not found
Refreshing native plugins compatible for Editor in 0.81 ms, found 3 plugins.
Preloading 0 native plugins for Editor in 0.00 ms.
Mono: successfully reloaded assembly
- Completed reload, in  1.917 seconds
Domain Reload Profiling:
	ReloadAssembly (1918ms)
		BeginReloadAssembly (230ms)
			ExecutionOrderSort (0ms)
			DisableScriptedObjects (15ms)
			BackupInstance (0ms)
			ReleaseScriptingObjects (0ms)
			CreateAndSetChildDomain (56ms)
		EndReloadAssembly (1568ms)
			LoadAssemblies (206ms)
			RebuildTransferFunctionScriptingTraits (0ms)
			SetupTypeCache (503ms)
			ReleaseScriptCaches (2ms)
			RebuildScriptCaches (77ms)
			SetupLoadedEditorAssemblies (635ms)
				LogAssemblyErrors (0ms)
				InitializePlatformSupportModulesInManaged (9ms)
				SetLoadedEditorAssemblies (1ms)
				RefreshPlugins (1ms)
				BeforeProcessingInitializeOnLoad (112ms)
				ProcessInitializeOnLoadAttributes (488ms)
				ProcessInitializeOnLoadMethodAttributes (10ms)
				AfterProcessingInitializeOnLoad (14ms)
				EditorAssembliesLoaded (0ms)
			ExecutionOrderSort2 (0ms)
			AwakeInstancesAfterBackupRestoration (18ms)
Platform modules already initialized, skipping
Refreshing native plugins compatible for Editor in 0.82 ms, found 3 plugins.
Preloading 0 native plugins for Editor in 0.00 ms.
Unloading 2102 Unused Serialized files (Serialized files now loaded: 0)
System memory in use before: 97.3 MB.
System memory in use after: 97.4 MB.

Unloading 16 unused Assets to reduce memory usage. Loaded Objects now: 2605.
Total: 4.451300 ms (FindLiveObjects: 0.252900 ms CreateObjectMapping: 0.111500 ms MarkObjects: 4.060100 ms  DeleteObjects: 0.024900 ms)

AssetImportParameters requested are different than current active one (requested -> active):
  custom:framework-win-MediaFoundation: 216162199b28c13a410421893ffa2e32 -> 
  custom:video-decoder-ogg-theora: a1e56fd34408186e4bbccfd4996cb3dc -> 
  custom:container-muxer-webm: aa71ff27fc2769a1b78a27578f13a17b -> 
  custom:container-demuxer-webm: 4f35f7cbe854078d1ac9338744f61a02 -> 
  custom:container-demuxer-ogg: 62fdf1f143b41e24485cea50d1cbac27 -> 
  custom:video-encoder-webm-vp8: eb34c28f22e8b96e1ab97ce403110664 -> 
  custom:video-decoder-webm-vp8: 9c59270c3fd7afecdb556c50c9e8de78 -> 
  custom:audio-decoder-ogg-vorbis: bf7c407c2cedff20999df2af8eb42d56 -> 
  custom:audio-encoder-webm-vorbis: bf7c407c2cedff20999df2af8eb42d56 -> 
========================================================================
Received Import Request.
  Time since last request: 21.160697 seconds.
  path: Assets/Prefabs/Rooms/Entry Room.prefab
  artifactKey: Guid(f596b434365f7c14aac50be43603e1bb) Importer(815301076,1909f56bfc062723c751e8b465ee728b)
Start importing Assets/Prefabs/Rooms/Entry Room.prefab using Guid(f596b434365f7c14aac50be43603e1bb) Importer(815301076,1909f56bfc062723c751e8b465ee728b)  -> (artifact id: '82f79967cc03817beac9cb8d762f0c1c') in 0.121069 seconds 
  Import took 0.127689 seconds .

========================================================================
Received Prepare
Registering precompiled user dll's ...
Registered in 0.010603 seconds.
Begin MonoManager ReloadAssembly
Native extension for WindowsStandalone target not found
Refreshing native plugins compatible for Editor in 0.79 ms, found 3 plugins.
Preloading 0 native plugins for Editor in 0.00 ms.
Mono: successfully reloaded assembly
- Completed reload, in  1.935 seconds
Domain Reload Profiling:
	ReloadAssembly (1936ms)
		BeginReloadAssembly (225ms)
			ExecutionOrderSort (0ms)
			DisableScriptedObjects (11ms)
			BackupInstance (0ms)
			ReleaseScriptingObjects (0ms)
			CreateAndSetChildDomain (56ms)
		EndReloadAssembly (1587ms)
			LoadAssemblies (213ms)
			RebuildTransferFunctionScriptingTraits (0ms)
			SetupTypeCache (494ms)
			ReleaseScriptCaches (1ms)
			RebuildScriptCaches (78ms)
			SetupLoadedEditorAssemblies (626ms)
				LogAssemblyErrors (0ms)
				InitializePlatformSupportModulesInManaged (9ms)
				SetLoadedEditorAssemblies (1ms)
				RefreshPlugins (1ms)
				BeforeProcessingInitializeOnLoad (110ms)
				ProcessInitializeOnLoadAttributes (481ms)
				ProcessInitializeOnLoadMethodAttributes (10ms)
				AfterProcessingInitializeOnLoad (14ms)
				EditorAssembliesLoaded (0ms)
			ExecutionOrderSort2 (0ms)
			AwakeInstancesAfterBackupRestoration (19ms)
Platform modules already initialized, skipping
Refreshing native plugins compatible for Editor in 0.80 ms, found 3 plugins.
Preloading 0 native plugins for Editor in 0.00 ms.
Unloading 2102 Unused Serialized files (Serialized files now loaded: 0)
System memory in use before: 97.3 MB.
System memory in use after: 97.4 MB.

Unloading 16 unused Assets to reduce memory usage. Loaded Objects now: 2609.
Total: 4.773800 ms (FindLiveObjects: 0.247000 ms CreateObjectMapping: 0.110300 ms MarkObjects: 4.387200 ms  DeleteObjects: 0.027200 ms)

AssetImportParameters requested are different than current active one (requested -> active):
  custom:framework-win-MediaFoundation: 216162199b28c13a410421893ffa2e32 -> 
  custom:video-decoder-ogg-theora: a1e56fd34408186e4bbccfd4996cb3dc -> 
  custom:container-muxer-webm: aa71ff27fc2769a1b78a27578f13a17b -> 
  custom:container-demuxer-webm: 4f35f7cbe854078d1ac9338744f61a02 -> 
  custom:container-demuxer-ogg: 62fdf1f143b41e24485cea50d1cbac27 -> 
  custom:video-encoder-webm-vp8: eb34c28f22e8b96e1ab97ce403110664 -> 
  custom:video-decoder-webm-vp8: 9c59270c3fd7afecdb556c50c9e8de78 -> 
  custom:audio-decoder-ogg-vorbis: bf7c407c2cedff20999df2af8eb42d56 -> 
  custom:audio-encoder-webm-vorbis: bf7c407c2cedff20999df2af8eb42d56 -> 
========================================================================
Received Prepare
Registering precompiled user dll's ...
Registered in 0.010726 seconds.
Begin MonoManager ReloadAssembly
Native extension for WindowsStandalone target not found
Refreshing native plugins compatible for Editor in 0.78 ms, found 3 plugins.
Preloading 0 native plugins for Editor in 0.00 ms.
Mono: successfully reloaded assembly
- Completed reload, in  2.025 seconds
Domain Reload Profiling:
	ReloadAssembly (2026ms)
		BeginReloadAssembly (258ms)
			ExecutionOrderSort (0ms)
			DisableScriptedObjects (13ms)
			BackupInstance (0ms)
			ReleaseScriptingObjects (0ms)
			CreateAndSetChildDomain (56ms)
		EndReloadAssembly (1656ms)
			LoadAssemblies (244ms)
			RebuildTransferFunctionScriptingTraits (0ms)
			SetupTypeCache (503ms)
			ReleaseScriptCaches (1ms)
			RebuildScriptCaches (85ms)
			SetupLoadedEditorAssemblies (688ms)
				LogAssemblyErrors (0ms)
				InitializePlatformSupportModulesInManaged (9ms)
				SetLoadedEditorAssemblies (1ms)
				RefreshPlugins (1ms)
				BeforeProcessingInitializeOnLoad (114ms)
				ProcessInitializeOnLoadAttributes (538ms)
				ProcessInitializeOnLoadMethodAttributes (10ms)
				AfterProcessingInitializeOnLoad (15ms)
				EditorAssembliesLoaded (0ms)
			ExecutionOrderSort2 (0ms)
			AwakeInstancesAfterBackupRestoration (19ms)
Platform modules already initialized, skipping
Refreshing native plugins compatible for Editor in 0.83 ms, found 3 plugins.
Preloading 0 native plugins for Editor in 0.00 ms.
Unloading 2102 Unused Serialized files (Serialized files now loaded: 0)
System memory in use before: 97.3 MB.
System memory in use after: 97.5 MB.

Unloading 16 unused Assets to reduce memory usage. Loaded Objects now: 2612.
Total: 5.756700 ms (FindLiveObjects: 0.251000 ms CreateObjectMapping: 0.294300 ms MarkObjects: 5.183300 ms  DeleteObjects: 0.026000 ms)

AssetImportParameters requested are different than current active one (requested -> active):
  custom:framework-win-MediaFoundation: 216162199b28c13a410421893ffa2e32 -> 
  custom:video-decoder-ogg-theora: a1e56fd34408186e4bbccfd4996cb3dc -> 
  custom:container-muxer-webm: aa71ff27fc2769a1b78a27578f13a17b -> 
  custom:container-demuxer-webm: 4f35f7cbe854078d1ac9338744f61a02 -> 
  custom:container-demuxer-ogg: 62fdf1f143b41e24485cea50d1cbac27 -> 
  custom:video-encoder-webm-vp8: eb34c28f22e8b96e1ab97ce403110664 -> 
  custom:video-decoder-webm-vp8: 9c59270c3fd7afecdb556c50c9e8de78 -> 
  custom:audio-decoder-ogg-vorbis: bf7c407c2cedff20999df2af8eb42d56 -> 
  custom:audio-encoder-webm-vorbis: bf7c407c2cedff20999df2af8eb42d56 -> 
========================================================================
Received Import Request.
  Time since last request: 59.579370 seconds.
  path: Assets/Prefabs/Rooms/Entry Room.prefab
  artifactKey: Guid(f596b434365f7c14aac50be43603e1bb) Importer(815301076,1909f56bfc062723c751e8b465ee728b)
Start importing Assets/Prefabs/Rooms/Entry Room.prefab using Guid(f596b434365f7c14aac50be43603e1bb) Importer(815301076,1909f56bfc062723c751e8b465ee728b)  -> (artifact id: '9a91294a6a2797d45d2f92853a92c9b6') in 0.121869 seconds 
  Import took 0.130262 seconds .

========================================================================
Received Prepare
Registering precompiled user dll's ...
Registered in 0.012069 seconds.
Begin MonoManager ReloadAssembly
Native extension for WindowsStandalone target not found
Refreshing native plugins compatible for Editor in 0.80 ms, found 3 plugins.
Preloading 0 native plugins for Editor in 0.00 ms.
Mono: successfully reloaded assembly
- Completed reload, in  1.971 seconds
Domain Reload Profiling:
	ReloadAssembly (1972ms)
		BeginReloadAssembly (240ms)
			ExecutionOrderSort (0ms)
			DisableScriptedObjects (11ms)
			BackupInstance (0ms)
			ReleaseScriptingObjects (0ms)
			CreateAndSetChildDomain (57ms)
		EndReloadAssembly (1607ms)
			LoadAssemblies (221ms)
			RebuildTransferFunctionScriptingTraits (0ms)
			SetupTypeCache (509ms)
			ReleaseScriptCaches (1ms)
			RebuildScriptCaches (78ms)
			SetupLoadedEditorAssemblies (651ms)
				LogAssemblyErrors (0ms)
				InitializePlatformSupportModulesInManaged (9ms)
				SetLoadedEditorAssemblies (1ms)
				RefreshPlugins (1ms)
				BeforeProcessingInitializeOnLoad (117ms)
				ProcessInitializeOnLoadAttributes (498ms)
				ProcessInitializeOnLoadMethodAttributes (11ms)
				AfterProcessingInitializeOnLoad (15ms)
				EditorAssembliesLoaded (0ms)
			ExecutionOrderSort2 (0ms)
			AwakeInstancesAfterBackupRestoration (19ms)
Platform modules already initialized, skipping
Refreshing native plugins compatible for Editor in 0.84 ms, found 3 plugins.
Preloading 0 native plugins for Editor in 0.00 ms.
Unloading 2102 Unused Serialized files (Serialized files now loaded: 0)
System memory in use before: 97.3 MB.
System memory in use after: 97.5 MB.

Unloading 16 unused Assets to reduce memory usage. Loaded Objects now: 2616.
Total: 6.766500 ms (FindLiveObjects: 0.327800 ms CreateObjectMapping: 0.123000 ms MarkObjects: 6.284500 ms  DeleteObjects: 0.028900 ms)

AssetImportParameters requested are different than current active one (requested -> active):
  custom:framework-win-MediaFoundation: 216162199b28c13a410421893ffa2e32 -> 
  custom:video-decoder-ogg-theora: a1e56fd34408186e4bbccfd4996cb3dc -> 
  custom:container-muxer-webm: aa71ff27fc2769a1b78a27578f13a17b -> 
  custom:container-demuxer-webm: 4f35f7cbe854078d1ac9338744f61a02 -> 
  custom:container-demuxer-ogg: 62fdf1f143b41e24485cea50d1cbac27 -> 
  custom:video-encoder-webm-vp8: eb34c28f22e8b96e1ab97ce403110664 -> 
  custom:video-decoder-webm-vp8: 9c59270c3fd7afecdb556c50c9e8de78 -> 
  custom:audio-decoder-ogg-vorbis: bf7c407c2cedff20999df2af8eb42d56 -> 
  custom:audio-encoder-webm-vorbis: bf7c407c2cedff20999df2af8eb42d56 -> 
========================================================================
Received Import Request.
  Time since last request: 35.411713 seconds.
  path: Assets/Prefabs/Rooms/Entry Room.prefab
  artifactKey: Guid(f596b434365f7c14aac50be43603e1bb) Importer(815301076,1909f56bfc062723c751e8b465ee728b)
Start importing Assets/Prefabs/Rooms/Entry Room.prefab using Guid(f596b434365f7c14aac50be43603e1bb) Importer(815301076,1909f56bfc062723c751e8b465ee728b)  -> (artifact id: '361c732cfe0c2ca3b6e8b455c3a7a017') in 0.114356 seconds 
  Import took 0.122629 seconds .

========================================================================
Received Import Request.
  Time since last request: 7.353072 seconds.
  path: Assets/Prefabs/Rooms/Entry Room.prefab
  artifactKey: Guid(f596b434365f7c14aac50be43603e1bb) Importer(815301076,1909f56bfc062723c751e8b465ee728b)
Start importing Assets/Prefabs/Rooms/Entry Room.prefab using Guid(f596b434365f7c14aac50be43603e1bb) Importer(815301076,1909f56bfc062723c751e8b465ee728b)  -> (artifact id: '19f4fc2714f5f654b5792229487e8bd5') in 0.036453 seconds 
  Import took 0.043800 seconds .

========================================================================
Received Import Request.
  Time since last request: 5.028391 seconds.
  path: Assets/Prefabs/Rooms/Entry Room.prefab
  artifactKey: Guid(f596b434365f7c14aac50be43603e1bb) Importer(815301076,1909f56bfc062723c751e8b465ee728b)
Start importing Assets/Prefabs/Rooms/Entry Room.prefab using Guid(f596b434365f7c14aac50be43603e1bb) Importer(815301076,1909f56bfc062723c751e8b465ee728b)  -> (artifact id: '6baaf7e16637af001fb4357875cfca52') in 0.035818 seconds 
  Import took 0.042299 seconds .

========================================================================
Received Import Request.
  Time since last request: 26.947571 seconds.
  path: Assets/Prefabs/Rooms/Map_B.prefab
  artifactKey: Guid(74160492965446b429e22287bcf6ce0e) Importer(815301076,1909f56bfc062723c751e8b465ee728b)
Start importing Assets/Prefabs/Rooms/Map_B.prefab using Guid(74160492965446b429e22287bcf6ce0e) Importer(815301076,1909f56bfc062723c751e8b465ee728b)  -> (artifact id: '85acde965fc9ec3ba898923ba069075b') in 0.035027 seconds 
  Import took 0.041671 seconds .

========================================================================
Received Prepare
Registering precompiled user dll's ...
Registered in 0.012647 seconds.
Begin MonoManager ReloadAssembly
Native extension for WindowsStandalone target not found
Refreshing native plugins compatible for Editor in 0.79 ms, found 3 plugins.
Preloading 0 native plugins for Editor in 0.00 ms.
Mono: successfully reloaded assembly
- Completed reload, in  1.931 seconds
Domain Reload Profiling:
	ReloadAssembly (1932ms)
		BeginReloadAssembly (223ms)
			ExecutionOrderSort (0ms)
			DisableScriptedObjects (11ms)
			BackupInstance (0ms)
			ReleaseScriptingObjects (0ms)
			CreateAndSetChildDomain (55ms)
		EndReloadAssembly (1588ms)
			LoadAssemblies (200ms)
			RebuildTransferFunctionScriptingTraits (0ms)
			SetupTypeCache (505ms)
			ReleaseScriptCaches (2ms)
			RebuildScriptCaches (79ms)
			SetupLoadedEditorAssemblies (642ms)
				LogAssemblyErrors (0ms)
				InitializePlatformSupportModulesInManaged (9ms)
				SetLoadedEditorAssemblies (1ms)
				RefreshPlugins (1ms)
				BeforeProcessingInitializeOnLoad (114ms)
				ProcessInitializeOnLoadAttributes (492ms)
				ProcessInitializeOnLoadMethodAttributes (10ms)
				AfterProcessingInitializeOnLoad (15ms)
				EditorAssembliesLoaded (0ms)
			ExecutionOrderSort2 (0ms)
			AwakeInstancesAfterBackupRestoration (19ms)
Platform modules already initialized, skipping
Refreshing native plugins compatible for Editor in 0.80 ms, found 3 plugins.
Preloading 0 native plugins for Editor in 0.00 ms.
Unloading 2102 Unused Serialized files (Serialized files now loaded: 0)
System memory in use before: 97.4 MB.
System memory in use after: 97.5 MB.

Unloading 16 unused Assets to reduce memory usage. Loaded Objects now: 2620.
Total: 4.549300 ms (FindLiveObjects: 0.248900 ms CreateObjectMapping: 0.113000 ms MarkObjects: 4.160300 ms  DeleteObjects: 0.025300 ms)

AssetImportParameters requested are different than current active one (requested -> active):
  custom:framework-win-MediaFoundation: 216162199b28c13a410421893ffa2e32 -> 
  custom:video-decoder-ogg-theora: a1e56fd34408186e4bbccfd4996cb3dc -> 
  custom:container-muxer-webm: aa71ff27fc2769a1b78a27578f13a17b -> 
  custom:container-demuxer-webm: 4f35f7cbe854078d1ac9338744f61a02 -> 
  custom:container-demuxer-ogg: 62fdf1f143b41e24485cea50d1cbac27 -> 
  custom:video-encoder-webm-vp8: eb34c28f22e8b96e1ab97ce403110664 -> 
  custom:video-decoder-webm-vp8: 9c59270c3fd7afecdb556c50c9e8de78 -> 
  custom:audio-decoder-ogg-vorbis: bf7c407c2cedff20999df2af8eb42d56 -> 
  custom:audio-encoder-webm-vorbis: bf7c407c2cedff20999df2af8eb42d56 -> 
========================================================================
Received Import Request.
  Time since last request: 37.357163 seconds.
  path: Assets/Prefabs/Rooms/Map_L.prefab
  artifactKey: Guid(c991ad968c929ff4386a671a5efd4a51) Importer(815301076,1909f56bfc062723c751e8b465ee728b)
Start importing Assets/Prefabs/Rooms/Map_L.prefab using Guid(c991ad968c929ff4386a671a5efd4a51) Importer(815301076,1909f56bfc062723c751e8b465ee728b)  -> (artifact id: '8f0253be5361f1a3b7e815b43e045d63') in 0.105085 seconds 
  Import took 0.111213 seconds .

========================================================================
Received Import Request.
  Time since last request: 1.600362 seconds.
  path: Assets/Prefabs/Rooms/Map_L.prefab
  artifactKey: Guid(c991ad968c929ff4386a671a5efd4a51) Importer(815301076,1909f56bfc062723c751e8b465ee728b)
Start importing Assets/Prefabs/Rooms/Map_L.prefab using Guid(c991ad968c929ff4386a671a5efd4a51) Importer(815301076,1909f56bfc062723c751e8b465ee728b)  -> (artifact id: '3e3ab42d102a085709b5140efbedb08f') in 0.035706 seconds 
  Import took 0.042022 seconds .

========================================================================
Received Import Request.
  Time since last request: 11.406365 seconds.
  path: Assets/Prefabs/Rooms/Map_LB.prefab
  artifactKey: Guid(cdea550681746f24db31622dfb1b1e3f) Importer(815301076,1909f56bfc062723c751e8b465ee728b)
Start importing Assets/Prefabs/Rooms/Map_LB.prefab using Guid(cdea550681746f24db31622dfb1b1e3f) Importer(815301076,1909f56bfc062723c751e8b465ee728b)  -> (artifact id: '9c12093a8c22055c6aae6b6828e5dc43') in 0.039385 seconds 
  Import took 0.046092 seconds .

========================================================================
Received Import Request.
  Time since last request: 8.977848 seconds.
  path: Assets/Prefabs/Rooms/Map_LB.prefab
  artifactKey: Guid(cdea550681746f24db31622dfb1b1e3f) Importer(815301076,1909f56bfc062723c751e8b465ee728b)
Start importing Assets/Prefabs/Rooms/Map_LB.prefab using Guid(cdea550681746f24db31622dfb1b1e3f) Importer(815301076,1909f56bfc062723c751e8b465ee728b)  -> (artifact id: 'e3a0e5e53e7a797a9b0b25bcbbd17154') in 0.036140 seconds 
  Import took 0.042655 seconds .

========================================================================
Received Import Request.
  Time since last request: 4.594755 seconds.
  path: Assets/Prefabs/Rooms/Map_LB.prefab
  artifactKey: Guid(cdea550681746f24db31622dfb1b1e3f) Importer(815301076,1909f56bfc062723c751e8b465ee728b)
Start importing Assets/Prefabs/Rooms/Map_LB.prefab using Guid(cdea550681746f24db31622dfb1b1e3f) Importer(815301076,1909f56bfc062723c751e8b465ee728b)  -> (artifact id: 'efcab926cf2c330afb9f6eb8a9474805') in 0.037571 seconds 
  Import took 0.043714 seconds .

========================================================================
Received Import Request.
  Time since last request: 43.724790 seconds.
  path: Assets/Prefabs/Rooms/Map_LR.prefab
  artifactKey: Guid(1f2281d04b66b75489b9e7a0aab897eb) Importer(815301076,1909f56bfc062723c751e8b465ee728b)
Start importing Assets/Prefabs/Rooms/Map_LR.prefab using Guid(1f2281d04b66b75489b9e7a0aab897eb) Importer(815301076,1909f56bfc062723c751e8b465ee728b)  -> (artifact id: '73d1acedec0b3292f536dca3efd7c538') in 0.035007 seconds 
  Import took 0.042121 seconds .

========================================================================
Received Import Request.
  Time since last request: 635.164829 seconds.
  path: Assets/Prefabs/Rooms/Map_LR.prefab
  artifactKey: Guid(1f2281d04b66b75489b9e7a0aab897eb) Importer(815301076,1909f56bfc062723c751e8b465ee728b)
Start importing Assets/Prefabs/Rooms/Map_LR.prefab using Guid(1f2281d04b66b75489b9e7a0aab897eb) Importer(815301076,1909f56bfc062723c751e8b465ee728b)  -> (artifact id: '1f941e02efefd0ae35f1e4560abba605') in 0.046430 seconds 
  Import took 0.054317 seconds .

========================================================================
Received Import Request.
  Time since last request: 10.510448 seconds.
  path: Assets/Prefabs/Rooms/Map_R.prefab
  artifactKey: Guid(f98073b46aacd72448a35da8b808c2e9) Importer(815301076,1909f56bfc062723c751e8b465ee728b)
Start importing Assets/Prefabs/Rooms/Map_R.prefab using Guid(f98073b46aacd72448a35da8b808c2e9) Importer(815301076,1909f56bfc062723c751e8b465ee728b)  -> (artifact id: '25a12104cd4a9b91ab3ba7ac71285918') in 0.036224 seconds 
  Import took 0.042686 seconds .

========================================================================
Received Import Request.
  Time since last request: 7.115855 seconds.
  path: Assets/Prefabs/Rooms/Map_RB.prefab
  artifactKey: Guid(a500d37e48eccee41a98ac0309b1475b) Importer(815301076,1909f56bfc062723c751e8b465ee728b)
Start importing Assets/Prefabs/Rooms/Map_RB.prefab using Guid(a500d37e48eccee41a98ac0309b1475b) Importer(815301076,1909f56bfc062723c751e8b465ee728b)  -> (artifact id: '90217d7bd4663ca61901a5928a15fc92') in 0.035413 seconds 
  Import took 0.042690 seconds .

========================================================================
Received Import Request.
  Time since last request: 2.760513 seconds.
  path: Assets/Prefabs/Rooms/Map_RB.prefab
  artifactKey: Guid(a500d37e48eccee41a98ac0309b1475b) Importer(815301076,1909f56bfc062723c751e8b465ee728b)
Start importing Assets/Prefabs/Rooms/Map_RB.prefab using Guid(a500d37e48eccee41a98ac0309b1475b) Importer(815301076,1909f56bfc062723c751e8b465ee728b)  -> (artifact id: '8a90f901b2f9b740532d871c267d3b6e') in 0.034167 seconds 
  Import took 0.041227 seconds .

========================================================================
Received Import Request.
  Time since last request: 7.797716 seconds.
  path: Assets/Prefabs/Rooms/Map_T.prefab
  artifactKey: Guid(e1cd058710a3dbb4fafea318e4031317) Importer(815301076,1909f56bfc062723c751e8b465ee728b)
Start importing Assets/Prefabs/Rooms/Map_T.prefab using Guid(e1cd058710a3dbb4fafea318e4031317) Importer(815301076,1909f56bfc062723c751e8b465ee728b)  -> (artifact id: '546f90829410b449d839306485ca9c2f') in 0.030493 seconds 
  Import took 0.037324 seconds .

========================================================================
Received Import Request.
  Time since last request: 8.950280 seconds.
  path: Assets/Prefabs/Rooms/Map_TB.prefab
  artifactKey: Guid(73713e5a3fba9bb479c4326ca8dc60d5) Importer(815301076,1909f56bfc062723c751e8b465ee728b)
Start importing Assets/Prefabs/Rooms/Map_TB.prefab using Guid(73713e5a3fba9bb479c4326ca8dc60d5) Importer(815301076,1909f56bfc062723c751e8b465ee728b)  -> (artifact id: '32de852d6705065504f9a3decd46fda6') in 0.035093 seconds 
  Import took 0.042827 seconds .

========================================================================
Received Import Request.
  Time since last request: 2.167014 seconds.
  path: Assets/Prefabs/Rooms/Map_TB.prefab
  artifactKey: Guid(73713e5a3fba9bb479c4326ca8dc60d5) Importer(815301076,1909f56bfc062723c751e8b465ee728b)
Start importing Assets/Prefabs/Rooms/Map_TB.prefab using Guid(73713e5a3fba9bb479c4326ca8dc60d5) Importer(815301076,1909f56bfc062723c751e8b465ee728b)  -> (artifact id: '19e6fad5483938374e2c0c1a64eeef51') in 0.034121 seconds 
  Import took 0.040503 seconds .

========================================================================
Received Import Request.
  Time since last request: 9.001791 seconds.
  path: Assets/Prefabs/Rooms/Map_TL.prefab
  artifactKey: Guid(234368fe0594ba7439983e1f5012ce93) Importer(815301076,1909f56bfc062723c751e8b465ee728b)
Start importing Assets/Prefabs/Rooms/Map_TL.prefab using Guid(234368fe0594ba7439983e1f5012ce93) Importer(815301076,1909f56bfc062723c751e8b465ee728b)  -> (artifact id: '06641d4fb77cd5035350922f331d7a74') in 0.037385 seconds 
  Import took 0.043734 seconds .

========================================================================
Received Import Request.
  Time since last request: 5.023037 seconds.
  path: Assets/Prefabs/Rooms/Map_TL.prefab
  artifactKey: Guid(234368fe0594ba7439983e1f5012ce93) Importer(815301076,1909f56bfc062723c751e8b465ee728b)
Start importing Assets/Prefabs/Rooms/Map_TL.prefab using Guid(234368fe0594ba7439983e1f5012ce93) Importer(815301076,1909f56bfc062723c751e8b465ee728b)  -> (artifact id: '542dc460771d81e6e241a022e9c22cdf') in 0.033275 seconds 
  Import took 0.039964 seconds .

========================================================================
Received Import Request.
  Time since last request: 10.557021 seconds.
  path: Assets/Prefabs/Rooms/Map_TR.prefab
  artifactKey: Guid(9c683eda0cba7f04abb61d4474abbaab) Importer(815301076,1909f56bfc062723c751e8b465ee728b)
Start importing Assets/Prefabs/Rooms/Map_TR.prefab using Guid(9c683eda0cba7f04abb61d4474abbaab) Importer(815301076,1909f56bfc062723c751e8b465ee728b)  -> (artifact id: '1248b701b62585b081841bdce421c99b') in 0.035247 seconds 
  Import took 0.043148 seconds .

========================================================================
Received Import Request.
  Time since last request: 0.007314 seconds.
  path: Assets/Prefabs/Rooms/Map_TR.prefab
  artifactKey: Guid(9c683eda0cba7f04abb61d4474abbaab) Importer(815301076,1909f56bfc062723c751e8b465ee728b)
Start importing Assets/Prefabs/Rooms/Map_TR.prefab using Guid(9c683eda0cba7f04abb61d4474abbaab) Importer(815301076,1909f56bfc062723c751e8b465ee728b)  -> (artifact id: '1248b701b62585b081841bdce421c99b') in 0.036192 seconds 
  Import took 0.043690 seconds .

========================================================================
Received Import Request.
  Time since last request: 3.125850 seconds.
  path: Assets/Prefabs/Rooms/Map_TR.prefab
  artifactKey: Guid(9c683eda0cba7f04abb61d4474abbaab) Importer(815301076,1909f56bfc062723c751e8b465ee728b)
Start importing Assets/Prefabs/Rooms/Map_TR.prefab using Guid(9c683eda0cba7f04abb61d4474abbaab) Importer(815301076,1909f56bfc062723c751e8b465ee728b)  -> (artifact id: '7cd202774f905ddb19e5e08c3a9d5ff7') in 0.036477 seconds 
  Import took 0.042903 seconds .

========================================================================
Received Prepare
Registering precompiled user dll's ...
Registered in 0.011319 seconds.
Begin MonoManager ReloadAssembly
Native extension for WindowsStandalone target not found
Refreshing native plugins compatible for Editor in 0.79 ms, found 3 plugins.
Preloading 0 native plugins for Editor in 0.00 ms.
Mono: successfully reloaded assembly
- Completed reload, in  2.037 seconds
Domain Reload Profiling:
	ReloadAssembly (2038ms)
		BeginReloadAssembly (267ms)
			ExecutionOrderSort (0ms)
			DisableScriptedObjects (13ms)
			BackupInstance (0ms)
			ReleaseScriptingObjects (0ms)
			CreateAndSetChildDomain (65ms)
		EndReloadAssembly (1647ms)
			LoadAssemblies (213ms)
			RebuildTransferFunctionScriptingTraits (0ms)
			SetupTypeCache (533ms)
			ReleaseScriptCaches (1ms)
			RebuildScriptCaches (84ms)
			SetupLoadedEditorAssemblies (658ms)
				LogAssemblyErrors (0ms)
				InitializePlatformSupportModulesInManaged (9ms)
				SetLoadedEditorAssemblies (1ms)
				RefreshPlugins (1ms)
				BeforeProcessingInitializeOnLoad (119ms)
				ProcessInitializeOnLoadAttributes (496ms)
				ProcessInitializeOnLoadMethodAttributes (17ms)
				AfterProcessingInitializeOnLoad (14ms)
				EditorAssembliesLoaded (0ms)
			ExecutionOrderSort2 (0ms)
			AwakeInstancesAfterBackupRestoration (19ms)
Platform modules already initialized, skipping
Refreshing native plugins compatible for Editor in 0.79 ms, found 3 plugins.
Preloading 0 native plugins for Editor in 0.00 ms.
Unloading 2102 Unused Serialized files (Serialized files now loaded: 0)
System memory in use before: 97.4 MB.
System memory in use after: 97.6 MB.

Unloading 16 unused Assets to reduce memory usage. Loaded Objects now: 2624.
Total: 5.738600 ms (FindLiveObjects: 0.254100 ms CreateObjectMapping: 0.110000 ms MarkObjects: 5.342000 ms  DeleteObjects: 0.029800 ms)

AssetImportParameters requested are different than current active one (requested -> active):
  custom:framework-win-MediaFoundation: 216162199b28c13a410421893ffa2e32 -> 
  custom:video-decoder-ogg-theora: a1e56fd34408186e4bbccfd4996cb3dc -> 
  custom:container-muxer-webm: aa71ff27fc2769a1b78a27578f13a17b -> 
  custom:container-demuxer-webm: 4f35f7cbe854078d1ac9338744f61a02 -> 
  custom:container-demuxer-ogg: 62fdf1f143b41e24485cea50d1cbac27 -> 
  custom:video-encoder-webm-vp8: eb34c28f22e8b96e1ab97ce403110664 -> 
  custom:video-decoder-webm-vp8: 9c59270c3fd7afecdb556c50c9e8de78 -> 
  custom:audio-decoder-ogg-vorbis: bf7c407c2cedff20999df2af8eb42d56 -> 
  custom:audio-encoder-webm-vorbis: bf7c407c2cedff20999df2af8eb42d56 -> 
========================================================================
Received Import Request.
  Time since last request: 23.733554 seconds.
  path: Assets/Prefabs/Rooms/Map_T.prefab
  artifactKey: Guid(e1cd058710a3dbb4fafea318e4031317) Importer(815301076,1909f56bfc062723c751e8b465ee728b)
Start importing Assets/Prefabs/Rooms/Map_T.prefab using Guid(e1cd058710a3dbb4fafea318e4031317) Importer(815301076,1909f56bfc062723c751e8b465ee728b)  -> (artifact id: 'd1576e6671cf5eaff0ac23c94961ffc1') in 0.106653 seconds 
  Import took 0.113319 seconds .

========================================================================
Received Import Request.
  Time since last request: 7.097555 seconds.
  path: Assets/Prefabs/Rooms/Map_TB.prefab
  artifactKey: Guid(73713e5a3fba9bb479c4326ca8dc60d5) Importer(815301076,1909f56bfc062723c751e8b465ee728b)
Start importing Assets/Prefabs/Rooms/Map_TB.prefab using Guid(73713e5a3fba9bb479c4326ca8dc60d5) Importer(815301076,1909f56bfc062723c751e8b465ee728b)  -> (artifact id: 'a965109d2da6222afdca0338dbd2922a') in 0.040371 seconds 
  Import took 0.048687 seconds .

========================================================================
Received Import Request.
  Time since last request: 3.775309 seconds.
  path: Assets/Prefabs/Rooms/Map_TB.prefab
  artifactKey: Guid(73713e5a3fba9bb479c4326ca8dc60d5) Importer(815301076,1909f56bfc062723c751e8b465ee728b)
Start importing Assets/Prefabs/Rooms/Map_TB.prefab using Guid(73713e5a3fba9bb479c4326ca8dc60d5) Importer(815301076,1909f56bfc062723c751e8b465ee728b)  -> (artifact id: '995eb62ae9fdd3de0f80f91d019ccfe8') in 0.034843 seconds 
  Import took 0.041357 seconds .

========================================================================
Received Import Request.
  Time since last request: 6.972659 seconds.
  path: Assets/Prefabs/Rooms/Map_TR.prefab
  artifactKey: Guid(9c683eda0cba7f04abb61d4474abbaab) Importer(815301076,1909f56bfc062723c751e8b465ee728b)
Start importing Assets/Prefabs/Rooms/Map_TR.prefab using Guid(9c683eda0cba7f04abb61d4474abbaab) Importer(815301076,1909f56bfc062723c751e8b465ee728b)  -> (artifact id: '7bebc60d01bc017a2b3f7461e3473da6') in 0.034868 seconds 
  Import took 0.041453 seconds .

========================================================================
Received Import Request.
  Time since last request: 9.406737 seconds.
  path: Assets/Prefabs/Rooms/Map_TL.prefab
  artifactKey: Guid(234368fe0594ba7439983e1f5012ce93) Importer(815301076,1909f56bfc062723c751e8b465ee728b)
Start importing Assets/Prefabs/Rooms/Map_TL.prefab using Guid(234368fe0594ba7439983e1f5012ce93) Importer(815301076,1909f56bfc062723c751e8b465ee728b)  -> (artifact id: '746ff533eb24451bc90f358192effb1d') in 0.034902 seconds 
  Import took 0.041632 seconds .

========================================================================
Received Import Request.
  Time since last request: 0.003847 seconds.
  path: Assets/Prefabs/Rooms/Map_TL.prefab
  artifactKey: Guid(234368fe0594ba7439983e1f5012ce93) Importer(815301076,1909f56bfc062723c751e8b465ee728b)
Start importing Assets/Prefabs/Rooms/Map_TL.prefab using Guid(234368fe0594ba7439983e1f5012ce93) Importer(815301076,1909f56bfc062723c751e8b465ee728b)  -> (artifact id: '746ff533eb24451bc90f358192effb1d') in 0.034422 seconds 
  Import took 0.042336 seconds .

========================================================================
Received Import Request.
  Time since last request: 18.679402 seconds.
  path: Assets/Prefabs/Rooms/Map_B.prefab
  artifactKey: Guid(74160492965446b429e22287bcf6ce0e) Importer(815301076,1909f56bfc062723c751e8b465ee728b)
Start importing Assets/Prefabs/Rooms/Map_B.prefab using Guid(74160492965446b429e22287bcf6ce0e) Importer(815301076,1909f56bfc062723c751e8b465ee728b)  -> (artifact id: 'b29ef3ca4ec75d1da08510ff90809f12') in 0.029461 seconds 
  Import took 0.079195 seconds .

========================================================================
Received Import Request.
  Time since last request: 6.565223 seconds.
  path: Assets/Prefabs/Rooms/Map_LB.prefab
  artifactKey: Guid(cdea550681746f24db31622dfb1b1e3f) Importer(815301076,1909f56bfc062723c751e8b465ee728b)
Start importing Assets/Prefabs/Rooms/Map_LB.prefab using Guid(cdea550681746f24db31622dfb1b1e3f) Importer(815301076,1909f56bfc062723c751e8b465ee728b)  -> (artifact id: 'd409bbd26062a8b985c2809e1cc5a358') in 0.070647 seconds 
  Import took 0.083634 seconds .

========================================================================
Received Import Request.
  Time since last request: 4.704266 seconds.
  path: Assets/Prefabs/Rooms/Map_RB.prefab
  artifactKey: Guid(a500d37e48eccee41a98ac0309b1475b) Importer(815301076,1909f56bfc062723c751e8b465ee728b)
Start importing Assets/Prefabs/Rooms/Map_RB.prefab using Guid(a500d37e48eccee41a98ac0309b1475b) Importer(815301076,1909f56bfc062723c751e8b465ee728b)  -> (artifact id: '397203b6ea97ad8c2ed2c397535b63a9') in 0.033325 seconds 
  Import took 0.040048 seconds .

========================================================================
Received Prepare
Registering precompiled user dll's ...
Registered in 0.011043 seconds.
Begin MonoManager ReloadAssembly
Native extension for WindowsStandalone target not found
Refreshing native plugins compatible for Editor in 0.78 ms, found 3 plugins.
Preloading 0 native plugins for Editor in 0.00 ms.
Mono: successfully reloaded assembly
- Completed reload, in  1.946 seconds
Domain Reload Profiling:
	ReloadAssembly (1947ms)
		BeginReloadAssembly (226ms)
			ExecutionOrderSort (0ms)
			DisableScriptedObjects (13ms)
			BackupInstance (0ms)
			ReleaseScriptingObjects (0ms)
			CreateAndSetChildDomain (56ms)
		EndReloadAssembly (1596ms)
			LoadAssemblies (213ms)
			RebuildTransferFunctionScriptingTraits (0ms)
			SetupTypeCache (490ms)
			ReleaseScriptCaches (1ms)
			RebuildScriptCaches (78ms)
			SetupLoadedEditorAssemblies (663ms)
				LogAssemblyErrors (0ms)
				InitializePlatformSupportModulesInManaged (9ms)
				SetLoadedEditorAssemblies (1ms)
				RefreshPlugins (1ms)
				BeforeProcessingInitializeOnLoad (120ms)
				ProcessInitializeOnLoadAttributes (506ms)
				ProcessInitializeOnLoadMethodAttributes (10ms)
				AfterProcessingInitializeOnLoad (15ms)
				EditorAssembliesLoaded (0ms)
			ExecutionOrderSort2 (0ms)
			AwakeInstancesAfterBackupRestoration (19ms)
Platform modules already initialized, skipping
Refreshing native plugins compatible for Editor in 0.80 ms, found 3 plugins.
Preloading 0 native plugins for Editor in 0.00 ms.
Unloading 2102 Unused Serialized files (Serialized files now loaded: 0)
System memory in use before: 97.5 MB.
System memory in use after: 97.6 MB.

Unloading 16 unused Assets to reduce memory usage. Loaded Objects now: 2628.
Total: 4.910400 ms (FindLiveObjects: 0.403300 ms CreateObjectMapping: 0.168800 ms MarkObjects: 4.309100 ms  DeleteObjects: 0.027100 ms)

AssetImportParameters requested are different than current active one (requested -> active):
  custom:framework-win-MediaFoundation: 216162199b28c13a410421893ffa2e32 -> 
  custom:video-decoder-ogg-theora: a1e56fd34408186e4bbccfd4996cb3dc -> 
  custom:container-muxer-webm: aa71ff27fc2769a1b78a27578f13a17b -> 
  custom:container-demuxer-webm: 4f35f7cbe854078d1ac9338744f61a02 -> 
  custom:container-demuxer-ogg: 62fdf1f143b41e24485cea50d1cbac27 -> 
  custom:video-encoder-webm-vp8: eb34c28f22e8b96e1ab97ce403110664 -> 
  custom:video-decoder-webm-vp8: 9c59270c3fd7afecdb556c50c9e8de78 -> 
  custom:audio-decoder-ogg-vorbis: bf7c407c2cedff20999df2af8eb42d56 -> 
  custom:audio-encoder-webm-vorbis: bf7c407c2cedff20999df2af8eb42d56 -> 
========================================================================
Received Import Request.
  Time since last request: 145.516705 seconds.
  path: Assets/Prefabs/Rooms/Entry Room.prefab
  artifactKey: Guid(f596b434365f7c14aac50be43603e1bb) Importer(815301076,1909f56bfc062723c751e8b465ee728b)
Start importing Assets/Prefabs/Rooms/Entry Room.prefab using Guid(f596b434365f7c14aac50be43603e1bb) Importer(815301076,1909f56bfc062723c751e8b465ee728b)  -> (artifact id: '19276cae6db919cf2dece801f588f5bb') in 0.113657 seconds 
  Import took 0.120120 seconds .

========================================================================
Received Import Request.
  Time since last request: 11.388087 seconds.
  path: Assets/Prefabs/Rooms/Map_LB.prefab
  artifactKey: Guid(cdea550681746f24db31622dfb1b1e3f) Importer(815301076,1909f56bfc062723c751e8b465ee728b)
Start importing Assets/Prefabs/Rooms/Map_LB.prefab using Guid(cdea550681746f24db31622dfb1b1e3f) Importer(815301076,1909f56bfc062723c751e8b465ee728b)  -> (artifact id: '55ddfa51e5faf9b8b95879327998f88b') in 0.037541 seconds 
  Import took 0.045756 seconds .

========================================================================
Received Import Request.
  Time since last request: 5.470470 seconds.
  path: Assets/Prefabs/Rooms/Map_LR.prefab
  artifactKey: Guid(1f2281d04b66b75489b9e7a0aab897eb) Importer(815301076,1909f56bfc062723c751e8b465ee728b)
Start importing Assets/Prefabs/Rooms/Map_LR.prefab using Guid(1f2281d04b66b75489b9e7a0aab897eb) Importer(815301076,1909f56bfc062723c751e8b465ee728b)  -> (artifact id: '1813303937bff6c8dcea7b7315b6b3f3') in 0.036348 seconds 
  Import took 0.044007 seconds .

========================================================================
Received Import Request.
  Time since last request: 2.969888 seconds.
  path: Assets/Prefabs/Rooms/Map_LR.prefab
  artifactKey: Guid(1f2281d04b66b75489b9e7a0aab897eb) Importer(815301076,1909f56bfc062723c751e8b465ee728b)
Start importing Assets/Prefabs/Rooms/Map_LR.prefab using Guid(1f2281d04b66b75489b9e7a0aab897eb) Importer(815301076,1909f56bfc062723c751e8b465ee728b)  -> (artifact id: '36cb166576435b90d5da2d4f0820dca0') in 0.034868 seconds 
  Import took 0.041863 seconds .

========================================================================
Received Import Request.
  Time since last request: 5.314217 seconds.
  path: Assets/Prefabs/Rooms/Map_R.prefab
  artifactKey: Guid(f98073b46aacd72448a35da8b808c2e9) Importer(815301076,1909f56bfc062723c751e8b465ee728b)
Start importing Assets/Prefabs/Rooms/Map_R.prefab using Guid(f98073b46aacd72448a35da8b808c2e9) Importer(815301076,1909f56bfc062723c751e8b465ee728b)  -> (artifact id: 'd56036650108a3f6fff5d734cf25a4fb') in 0.030880 seconds 
  Import took 0.038121 seconds .

========================================================================
Received Import Request.
  Time since last request: 5.920211 seconds.
  path: Assets/Prefabs/Rooms/Map_RB.prefab
  artifactKey: Guid(a500d37e48eccee41a98ac0309b1475b) Importer(815301076,1909f56bfc062723c751e8b465ee728b)
Start importing Assets/Prefabs/Rooms/Map_RB.prefab using Guid(a500d37e48eccee41a98ac0309b1475b) Importer(815301076,1909f56bfc062723c751e8b465ee728b)  -> (artifact id: 'db0e3b8330e59306f077688e3f82201a') in 0.036770 seconds 
  Import took 0.044370 seconds .

========================================================================
Received Import Request.
  Time since last request: 7.941155 seconds.
  path: Assets/Prefabs/Rooms/Map_TL.prefab
  artifactKey: Guid(234368fe0594ba7439983e1f5012ce93) Importer(815301076,1909f56bfc062723c751e8b465ee728b)
Start importing Assets/Prefabs/Rooms/Map_TL.prefab using Guid(234368fe0594ba7439983e1f5012ce93) Importer(815301076,1909f56bfc062723c751e8b465ee728b)  -> (artifact id: 'ca9aec35f032a0f943aec2efeeed38e1') in 0.040235 seconds 
  Import took 0.046701 seconds .

========================================================================
Received Import Request.
  Time since last request: 5.844870 seconds.
  path: Assets/Prefabs/Rooms/Map_TR.prefab
  artifactKey: Guid(9c683eda0cba7f04abb61d4474abbaab) Importer(815301076,1909f56bfc062723c751e8b465ee728b)
Start importing Assets/Prefabs/Rooms/Map_TR.prefab using Guid(9c683eda0cba7f04abb61d4474abbaab) Importer(815301076,1909f56bfc062723c751e8b465ee728b)  -> (artifact id: '757a1dd676a23c15f44d63de219aa86f') in 0.032793 seconds 
  Import took 0.039302 seconds .

========================================================================
Received Import Request.
  Time since last request: 40.877263 seconds.
  path: Assets/Prefabs/Gameplay/Player.prefab
  artifactKey: Guid(bd93a6934f1103041b8a77bcd0c13e34) Importer(815301076,1909f56bfc062723c751e8b465ee728b)
Start importing Assets/Prefabs/Gameplay/Player.prefab using Guid(bd93a6934f1103041b8a77bcd0c13e34) Importer(815301076,1909f56bfc062723c751e8b465ee728b)  -> (artifact id: '7984804f5cbf7f8cf6f7e88a9a34c8d2') in 0.017254 seconds 
  Import took 0.023070 seconds .

========================================================================
Received Prepare
Registering precompiled user dll's ...
Registered in 0.017555 seconds.
Begin MonoManager ReloadAssembly
Native extension for WindowsStandalone target not found
Refreshing native plugins compatible for Editor in 1.04 ms, found 3 plugins.
Preloading 0 native plugins for Editor in 0.00 ms.
Mono: successfully reloaded assembly
- Completed reload, in  1.977 seconds
Domain Reload Profiling:
	ReloadAssembly (1978ms)
		BeginReloadAssembly (214ms)
			ExecutionOrderSort (0ms)
			DisableScriptedObjects (11ms)
			BackupInstance (0ms)
			ReleaseScriptingObjects (0ms)
			CreateAndSetChildDomain (54ms)
		EndReloadAssembly (1651ms)
			LoadAssemblies (207ms)
			RebuildTransferFunctionScriptingTraits (0ms)
			SetupTypeCache (493ms)
			ReleaseScriptCaches (1ms)
			RebuildScriptCaches (83ms)
			SetupLoadedEditorAssemblies (708ms)
				LogAssemblyErrors (0ms)
				InitializePlatformSupportModulesInManaged (8ms)
				SetLoadedEditorAssemblies (1ms)
				RefreshPlugins (1ms)
				BeforeProcessingInitializeOnLoad (160ms)
				ProcessInitializeOnLoadAttributes (512ms)
				ProcessInitializeOnLoadMethodAttributes (11ms)
				AfterProcessingInitializeOnLoad (14ms)
				EditorAssembliesLoaded (0ms)
			ExecutionOrderSort2 (0ms)
			AwakeInstancesAfterBackupRestoration (19ms)
Platform modules already initialized, skipping
Refreshing native plugins compatible for Editor in 0.79 ms, found 3 plugins.
Preloading 0 native plugins for Editor in 0.00 ms.
Unloading 2102 Unused Serialized files (Serialized files now loaded: 0)
System memory in use before: 97.5 MB.
System memory in use after: 97.6 MB.

Unloading 16 unused Assets to reduce memory usage. Loaded Objects now: 2632.
Total: 4.641800 ms (FindLiveObjects: 0.252200 ms CreateObjectMapping: 0.109300 ms MarkObjects: 4.091700 ms  DeleteObjects: 0.186500 ms)

AssetImportParameters requested are different than current active one (requested -> active):
  custom:framework-win-MediaFoundation: 216162199b28c13a410421893ffa2e32 -> 
  custom:video-decoder-ogg-theora: a1e56fd34408186e4bbccfd4996cb3dc -> 
  custom:container-muxer-webm: aa71ff27fc2769a1b78a27578f13a17b -> 
  custom:container-demuxer-webm: 4f35f7cbe854078d1ac9338744f61a02 -> 
  custom:container-demuxer-ogg: 62fdf1f143b41e24485cea50d1cbac27 -> 
  custom:video-encoder-webm-vp8: eb34c28f22e8b96e1ab97ce403110664 -> 
  custom:video-decoder-webm-vp8: 9c59270c3fd7afecdb556c50c9e8de78 -> 
  custom:audio-decoder-ogg-vorbis: bf7c407c2cedff20999df2af8eb42d56 -> 
  custom:audio-encoder-webm-vorbis: bf7c407c2cedff20999df2af8eb42d56 -> 
========================================================================
Received Import Request.
  Time since last request: 29.459509 seconds.
  path: Assets/Scripts/Game/Coin/Coin.cs
  artifactKey: Guid(72c6136e1a034854eb64e4823c967d95) Importer(815301076,1909f56bfc062723c751e8b465ee728b)
Start importing Assets/Scripts/Game/Coin/Coin.cs using Guid(72c6136e1a034854eb64e4823c967d95) Importer(815301076,1909f56bfc062723c751e8b465ee728b)  -> (artifact id: 'e4889b52622bad8325cf52d48a55e363') in 0.008103 seconds 
  Import took 0.013067 seconds .

========================================================================
Received Prepare
Registering precompiled user dll's ...
Registered in 0.014120 seconds.
Begin MonoManager ReloadAssembly
Native extension for WindowsStandalone target not found
Refreshing native plugins compatible for Editor in 0.79 ms, found 3 plugins.
Preloading 0 native plugins for Editor in 0.00 ms.
Mono: successfully reloaded assembly
- Completed reload, in  1.885 seconds
Domain Reload Profiling:
	ReloadAssembly (1886ms)
		BeginReloadAssembly (225ms)
			ExecutionOrderSort (0ms)
			DisableScriptedObjects (12ms)
			BackupInstance (0ms)
			ReleaseScriptingObjects (0ms)
			CreateAndSetChildDomain (54ms)
		EndReloadAssembly (1549ms)
			LoadAssemblies (204ms)
			RebuildTransferFunctionScriptingTraits (0ms)
			SetupTypeCache (481ms)
			ReleaseScriptCaches (1ms)
			RebuildScriptCaches (77ms)
			SetupLoadedEditorAssemblies (638ms)
				LogAssemblyErrors (0ms)
				InitializePlatformSupportModulesInManaged (8ms)
				SetLoadedEditorAssemblies (1ms)
				RefreshPlugins (1ms)
				BeforeProcessingInitializeOnLoad (113ms)
				ProcessInitializeOnLoadAttributes (490ms)
				ProcessInitializeOnLoadMethodAttributes (11ms)
				AfterProcessingInitializeOnLoad (14ms)
				EditorAssembliesLoaded (0ms)
			ExecutionOrderSort2 (0ms)
			AwakeInstancesAfterBackupRestoration (19ms)
Platform modules already initialized, skipping
Refreshing native plugins compatible for Editor in 0.81 ms, found 3 plugins.
Preloading 0 native plugins for Editor in 0.00 ms.
Unloading 2102 Unused Serialized files (Serialized files now loaded: 0)
System memory in use before: 97.5 MB.
System memory in use after: 97.6 MB.

Unloading 16 unused Assets to reduce memory usage. Loaded Objects now: 2635.
Total: 4.466200 ms (FindLiveObjects: 0.254400 ms CreateObjectMapping: 0.113000 ms MarkObjects: 4.071800 ms  DeleteObjects: 0.025300 ms)

AssetImportParameters requested are different than current active one (requested -> active):
  custom:framework-win-MediaFoundation: 216162199b28c13a410421893ffa2e32 -> 
  custom:video-decoder-ogg-theora: a1e56fd34408186e4bbccfd4996cb3dc -> 
  custom:container-muxer-webm: aa71ff27fc2769a1b78a27578f13a17b -> 
  custom:container-demuxer-webm: 4f35f7cbe854078d1ac9338744f61a02 -> 
  custom:container-demuxer-ogg: 62fdf1f143b41e24485cea50d1cbac27 -> 
  custom:video-encoder-webm-vp8: eb34c28f22e8b96e1ab97ce403110664 -> 
  custom:video-decoder-webm-vp8: 9c59270c3fd7afecdb556c50c9e8de78 -> 
  custom:audio-decoder-ogg-vorbis: bf7c407c2cedff20999df2af8eb42d56 -> 
  custom:audio-encoder-webm-vorbis: bf7c407c2cedff20999df2af8eb42d56 -> 
========================================================================
Received Import Request.
  Time since last request: 28.500154 seconds.
  path: Assets/Scripts/Game/Coin/Coin.cs
  artifactKey: Guid(72c6136e1a034854eb64e4823c967d95) Importer(815301076,1909f56bfc062723c751e8b465ee728b)
Start importing Assets/Scripts/Game/Coin/Coin.cs using Guid(72c6136e1a034854eb64e4823c967d95) Importer(815301076,1909f56bfc062723c751e8b465ee728b)  -> (artifact id: '011ed60c5f72203d1bce94436a6fe5e5') in 0.008863 seconds 
  Import took 0.015254 seconds .

========================================================================
Received Import Request.
  Time since last request: 0.066047 seconds.
  path: Assets/Scripts/Game/Coin/Coin.cs
  artifactKey: Guid(72c6136e1a034854eb64e4823c967d95) Importer(815301076,1909f56bfc062723c751e8b465ee728b)
Start importing Assets/Scripts/Game/Coin/Coin.cs using Guid(72c6136e1a034854eb64e4823c967d95) Importer(815301076,1909f56bfc062723c751e8b465ee728b)  -> (artifact id: '011ed60c5f72203d1bce94436a6fe5e5') in 0.006689 seconds 
  Import took 0.011979 seconds .

========================================================================
Received Prepare
Registering precompiled user dll's ...
Registered in 0.010754 seconds.
Begin MonoManager ReloadAssembly
Native extension for WindowsStandalone target not found
Refreshing native plugins compatible for Editor in 0.80 ms, found 3 plugins.
Preloading 0 native plugins for Editor in 0.00 ms.
Mono: successfully reloaded assembly
- Completed reload, in  1.899 seconds
Domain Reload Profiling:
	ReloadAssembly (1900ms)
		BeginReloadAssembly (218ms)
			ExecutionOrderSort (0ms)
			DisableScriptedObjects (12ms)
			BackupInstance (0ms)
			ReleaseScriptingObjects (0ms)
			CreateAndSetChildDomain (54ms)
		EndReloadAssembly (1569ms)
			LoadAssemblies (203ms)
			RebuildTransferFunctionScriptingTraits (0ms)
			SetupTypeCache (484ms)
			ReleaseScriptCaches (1ms)
			RebuildScriptCaches (81ms)
			SetupLoadedEditorAssemblies (644ms)
				LogAssemblyErrors (0ms)
				InitializePlatformSupportModulesInManaged (9ms)
				SetLoadedEditorAssemblies (1ms)
				RefreshPlugins (1ms)
				BeforeProcessingInitializeOnLoad (113ms)
				ProcessInitializeOnLoadAttributes (495ms)
				ProcessInitializeOnLoadMethodAttributes (10ms)
				AfterProcessingInitializeOnLoad (14ms)
				EditorAssembliesLoaded (0ms)
			ExecutionOrderSort2 (0ms)
			AwakeInstancesAfterBackupRestoration (19ms)
Platform modules already initialized, skipping
Refreshing native plugins compatible for Editor in 0.80 ms, found 3 plugins.
Preloading 0 native plugins for Editor in 0.00 ms.
Unloading 2102 Unused Serialized files (Serialized files now loaded: 0)
System memory in use before: 97.5 MB.
System memory in use after: 97.6 MB.

Unloading 16 unused Assets to reduce memory usage. Loaded Objects now: 2638.
Total: 5.158300 ms (FindLiveObjects: 0.269800 ms CreateObjectMapping: 0.110500 ms MarkObjects: 4.750200 ms  DeleteObjects: 0.025700 ms)

AssetImportParameters requested are different than current active one (requested -> active):
  custom:framework-win-MediaFoundation: 216162199b28c13a410421893ffa2e32 -> 
  custom:video-decoder-ogg-theora: a1e56fd34408186e4bbccfd4996cb3dc -> 
  custom:container-muxer-webm: aa71ff27fc2769a1b78a27578f13a17b -> 
  custom:container-demuxer-webm: 4f35f7cbe854078d1ac9338744f61a02 -> 
  custom:container-demuxer-ogg: 62fdf1f143b41e24485cea50d1cbac27 -> 
  custom:video-encoder-webm-vp8: eb34c28f22e8b96e1ab97ce403110664 -> 
  custom:video-decoder-webm-vp8: 9c59270c3fd7afecdb556c50c9e8de78 -> 
  custom:audio-decoder-ogg-vorbis: bf7c407c2cedff20999df2af8eb42d56 -> 
  custom:audio-encoder-webm-vorbis: bf7c407c2cedff20999df2af8eb42d56 -> 
AssetImportWorkerClient::OnTransportError - code=2 error=End of file
